[ 2016-12-01T09:33:34+08:00 ] ::1 /thinkroot/index.php/Home/Good/index.html
ERR: 非法操作:index

[ 2016-12-01T09:33:38+08:00 ] ::1 /thinkroot/index.php/Home/Good/index.html
ERR: 非法操作:index

[ 2016-12-01T17:16:11+08:00 ] ::1 /thinkroot/index.php/Home/Good/cartgood/good_id/login.html
ERR: 1054:Unknown column 'login' in 'where clause'
 [ SQL语句 ] : SELECT * FROM `ts_good` WHERE ( good_id in (12,login) ) 

[ 2016-12-01T17:16:17+08:00 ] ::1 /thinkroot/index.php/Home/Good/cartgood/good_id/register.html
ERR: 1054:Unknown column 'login' in 'where clause'
 [ SQL语句 ] : SELECT * FROM `ts_good` WHERE ( good_id in (12,login,register) ) 

[ 2016-12-01T17:16:22+08:00 ] ::1 /thinkroot/index.php/Home/Good/showgood/good_id/index.html
ERR: 1064:You have an error in your SQL syntax; check the manual that corresponds to your MySQL server version for the right syntax to use near 'index )' at line 1
 [ SQL语句 ] : SELECT * FROM ts_comment m inner join ts_user1 u on u.uid=m.uid  WHERE ( good_id=index ) 

[ 2016-12-01T17:24:34+08:00 ] ::1 /thinkroot/index.php/Home/Comment/__STATIC__/js/init.js
ERR: 非法操作:__STATIC__

[ 2016-12-01T17:24:34+08:00 ] ::1 /thinkroot/index.php/Home/Comment/__STATIC__/css/style.css
ERR: 非法操作:__STATIC__

[ 2016-12-01T17:24:55+08:00 ] ::1 /thinkroot/index.php/Home/Comment/__STATIC__/css/style.css
ERR: 非法操作:__STATIC__

[ 2016-12-01T17:28:42+08:00 ] ::1 /thinkroot/index.php/Home/Comment/__STATIC__/css/style.css
ERR: 非法操作:__STATIC__

[ 2016-12-01T17:28:42+08:00 ] ::1 /thinkroot/index.php/Home/Comment/__STATIC__/js/init.js
ERR: 非法操作:__STATIC__

[ 2016-12-01T17:29:32+08:00 ] ::1 /thinkroot/index.php/Home/Comment/__STATIC__/css/style.css
ERR: 非法操作:__STATIC__

[ 2016-12-01T17:29:50+08:00 ] ::1 /thinkroot/index.php/Home/Comment/__STATIC__/css/style.css
ERR: 非法操作:__STATIC__

[ 2016-12-01T17:29:50+08:00 ] ::1 /thinkroot/index.php/Home/Comment/__STATIC__/js/init.js
ERR: 非法操作:__STATIC__

[ 2016-12-01T17:33:53+08:00 ] ::1 /thinkroot/index.php/Home/Comment/__STATIC__/css/style.css
ERR: 非法操作:__STATIC__

[ 2016-12-01T17:33:53+08:00 ] ::1 /thinkroot/index.php/Home/Comment/__STATIC__/js/init.js
ERR: 非法操作:__STATIC__

[ 2016-12-01T17:34:01+08:00 ] ::1 /thinkroot/index.php/Home/Comment/__STATIC__/css/style.css
ERR: 非法操作:__STATIC__

[ 2016-12-01T17:34:01+08:00 ] ::1 /thinkroot/index.php/Home/Comment/__STATIC__/js/init.js
ERR: 非法操作:__STATIC__

[ 2016-12-01T17:42:57+08:00 ] ::1 /thinkroot/index.php/Home/Comment/__STATIC__/js/init.js
ERR: 非法操作:__STATIC__

[ 2016-12-01T17:42:58+08:00 ] ::1 /thinkroot/index.php/Home/Comment/__STATIC__/css/style.css
ERR: 非法操作:__STATIC__

[ 2016-12-01T17:47:40+08:00 ] ::1 /thinkroot/index.php/Home/Good/showgood/good_id/login.html
ERR: 1054:Unknown column 'login' in 'where clause'
 [ SQL语句 ] : SELECT * FROM ts_comment m inner join ts_user1 u on u.uid=m.uid  WHERE ( good_id=login ) 

[ 2016-12-01T17:55:30+08:00 ] ::1 /thinkroot/index.php/Home/Comment/__STATIC__/css/style.css
ERR: 非法操作:__STATIC__

[ 2016-12-01T17:55:30+08:00 ] ::1 /thinkroot/index.php/Home/Comment/__STATIC__/js/init.js
ERR: 非法操作:__STATIC__

[ 2016-12-01T17:55:36+08:00 ] ::1 /thinkroot/index.php/Home/Comment/__STATIC__/css/style.css
ERR: 非法操作:__STATIC__

[ 2016-12-01T17:55:36+08:00 ] ::1 /thinkroot/index.php/Home/Comment/__STATIC__/js/init.js
ERR: 非法操作:__STATIC__

[ 2016-12-01T17:55:39+08:00 ] ::1 /thinkroot/index.php/Home/Comment/__STATIC__/css/style.css
ERR: 非法操作:__STATIC__

[ 2016-12-01T17:58:50+08:00 ] ::1 /thinkroot/index.php/Home/Comment/__STATIC__/css/style.css
ERR: 非法操作:__STATIC__

[ 2016-12-01T17:58:50+08:00 ] ::1 /thinkroot/index.php/Home/Comment/__STATIC__/js/init.js
ERR: 非法操作:__STATIC__

[ 2016-12-01T17:58:54+08:00 ] ::1 /thinkroot/index.php/Home/Comment/__STATIC__/css/style.css
ERR: 非法操作:__STATIC__

[ 2016-12-01T17:58:56+08:00 ] ::1 /thinkroot/index.php/Home/Comment/__STATIC__/css/style.css
ERR: 非法操作:__STATIC__

[ 2016-12-01T17:58:56+08:00 ] ::1 /thinkroot/index.php/Home/Comment/__STATIC__/js/init.js
ERR: 非法操作:__STATIC__

[ 2016-12-01T17:59:00+08:00 ] ::1 /thinkroot/index.php/Home/Comment/__STATIC__/css/style.css
ERR: 非法操作:__STATIC__

[ 2016-12-01T17:59:00+08:00 ] ::1 /thinkroot/index.php/Home/Comment/__STATIC__/js/init.js
ERR: 非法操作:__STATIC__

