[ 2016-11-18T19:11:44+08:00 ] ::1 /web/Thinks130/Public/admin/js/jquery-1.10.2.js
ERR: 无法加载控制器:Admin

[ 2016-11-18T19:11:44+08:00 ] ::1 /web/Thinks130/Public/admin/css/sb-admin.css
ERR: 无法加载控制器:Admin

[ 2016-11-18T19:11:44+08:00 ] ::1 /web/Thinks130/Public/admin/css/bootstrap.css
ERR: 无法加载控制器:Admin

[ 2016-11-18T19:11:44+08:00 ] ::1 /web/Thinks130/Public/admin/font-awesome/css/font-awesome.min.css
ERR: 无法加载控制器:Admin

[ 2016-11-18T19:12:24+08:00 ] ::1 /web/Thinks130/Public/admin/css/bootstrap.css
ERR: 无法加载控制器:Admin

[ 2016-11-18T19:12:24+08:00 ] ::1 /web/Thinks130/Public/admin/font-awesome/css/font-awesome.min.css
ERR: 无法加载控制器:Admin

[ 2016-11-18T19:12:24+08:00 ] ::1 /web/Thinks130/Public/admin/css/sb-admin.css
ERR: 无法加载控制器:Admin

[ 2016-11-18T19:12:29+08:00 ] ::1 /web/Thinks130/Public/admin/css/sb-admin.css
ERR: 无法加载控制器:Admin

[ 2016-11-18T19:12:29+08:00 ] ::1 /web/Thinks130/Public/admin/font-awesome/css/font-awesome.min.css
ERR: 无法加载控制器:Admin

[ 2016-11-18T19:12:29+08:00 ] ::1 /web/Thinks130/Public/admin/css/bootstrap.css
ERR: 无法加载控制器:Admin

[ 2016-11-18T19:12:29+08:00 ] ::1 /web/Thinks130/Public/admin/js/jquery-1.10.2.js
ERR: 无法加载控制器:Admin

