[ 2016-11-30T08:53:23+08:00 ] ::1 /web/Thinks130/Public/home/images/zoomloader.gif
ERR: 无法加载模块:Public

[ 2016-11-30T08:53:25+08:00 ] ::1 /web/Thinks130/Public/home//kexin.jpg
ERR: 无法加载模块:Public

[ 2016-11-30T09:16:34+08:00 ] ::1 /web/Thinks130/Public/home//kexin.jpg
ERR: 无法加载模块:Public

[ 2016-11-30T09:34:59+08:00 ] ::1 /web/Thinks130/Public/home//kexin.jpg
ERR: 无法加载模块:Public

[ 2016-11-30T09:35:44+08:00 ] ::1 /web/Thinks130/Public/home//kexin.jpg
ERR: 无法加载模块:Public

[ 2016-11-30T09:50:52+08:00 ] ::1 /web/Thinks130/Public/home//kexin.jpg
ERR: 无法加载模块:Public

[ 2016-11-30T09:50:57+08:00 ] ::1 /web/Thinks130/Public/home//kexin.jpg
ERR: 无法加载模块:Public

[ 2016-11-30T09:52:36+08:00 ] ::1 /web/Thinks130/Public/home//kexin.jpg
ERR: 无法加载模块:Public

[ 2016-11-30T09:53:15+08:00 ] ::1 /web/Thinks130/Public/home//kexin.jpg
ERR: 无法加载模块:Public

[ 2016-11-30T09:53:45+08:00 ] ::1 /web/Thinks130/Public/home//kexin.jpg
ERR: 无法加载模块:Public

[ 2016-11-30T09:54:21+08:00 ] ::1 /web/Thinks130/Public/home//kexin.jpg
ERR: 无法加载模块:Public

[ 2016-11-30T09:54:23+08:00 ] ::1 /web/Thinks130/Public/home//kexin.jpg
ERR: 无法加载模块:Public

[ 2016-11-30T09:54:25+08:00 ] ::1 /web/Thinks130/Public/home//kexin.jpg
ERR: 无法加载模块:Public

[ 2016-11-30T09:54:28+08:00 ] ::1 /web/Thinks130/Public/home//kexin.jpg
ERR: 无法加载模块:Public

[ 2016-11-30T09:55:18+08:00 ] ::1 /web/Thinks130/Public/home//kexin.jpg
ERR: 无法加载模块:Public

[ 2016-11-30T10:10:49+08:00 ] ::1 /web/Thinks130/Public/home//kexin.jpg
ERR: 无法加载模块:Public

[ 2016-11-30T10:10:52+08:00 ] ::1 /web/Thinks130/Public/home//kexin.jpg
ERR: 无法加载模块:Public

[ 2016-11-30T10:10:55+08:00 ] ::1 /web/Thinks130/Public/home//kexin.jpg
ERR: 无法加载模块:Public

[ 2016-11-30T10:16:19+08:00 ] ::1 /web/Thinks130/Public/home//kexin.jpg
ERR: 无法加载模块:Public

[ 2016-11-30T10:16:20+08:00 ] ::1 /web/Thinks130/Public/home//kexin.jpg
ERR: 无法加载模块:Public

[ 2016-11-30T10:16:25+08:00 ] ::1 /web/Thinks130/Public/home//kexin.jpg
ERR: 无法加载模块:Public

[ 2016-11-30T10:33:38+08:00 ] ::1 /web/Thinks130/Public/home//kexin.jpg
ERR: 无法加载模块:Public

[ 2016-11-30T10:33:40+08:00 ] ::1 /web/Thinks130/Public/home//kexin.jpg
ERR: 无法加载模块:Public

[ 2016-11-30T10:36:47+08:00 ] ::1 /web/Thinks130/Public/home//kexin.jpg
ERR: 无法加载模块:Public

[ 2016-11-30T10:48:02+08:00 ] ::1 /web/Thinks130/Public/home//kexin.jpg
ERR: 无法加载模块:Public

[ 2016-11-30T10:48:41+08:00 ] ::1 /web/Thinks130/Public/home//kexin.jpg
ERR: 无法加载模块:Public

[ 2016-11-30T10:51:09+08:00 ] ::1 /web/Thinks130/Public/home//kexin.jpg
ERR: 无法加载模块:Public

[ 2016-11-30T10:57:12+08:00 ] ::1 /web/Thinks130/Public/home//kexin.jpg
ERR: 无法加载模块:Public

[ 2016-11-30T10:58:02+08:00 ] ::1 /web/Thinks130/Public/home//kexin.jpg
ERR: 无法加载模块:Public

[ 2016-11-30T10:58:08+08:00 ] ::1 /web/Thinks130/Public/home//kexin.jpg
ERR: 无法加载模块:Public

[ 2016-11-30T10:58:19+08:00 ] ::1 /web/Thinks130/Public/home//kexin.jpg
ERR: 无法加载模块:Public

[ 2016-11-30T10:58:27+08:00 ] ::1 /web/Thinks130/Public/home//kexin.jpg
ERR: 无法加载模块:Public

[ 2016-11-30T11:00:40+08:00 ] ::1 /web/Thinks130/Public/home//kexin.jpg
ERR: 无法加载模块:Public

[ 2016-11-30T11:07:25+08:00 ] ::1 /web/Thinks130/Public/home//kexin.jpg
ERR: 无法加载模块:Public

[ 2016-11-30T11:07:39+08:00 ] ::1 /web/Thinks130/Public/home//kexin.jpg
ERR: 无法加载模块:Public

[ 2016-11-30T11:08:18+08:00 ] ::1 /web/Thinks130/Public/home//kexin.jpg
ERR: 无法加载模块:Public

[ 2016-11-30T11:09:05+08:00 ] ::1 /web/Thinks130/Public/home//kexin.jpg
ERR: 无法加载模块:Public

[ 2016-11-30T11:09:44+08:00 ] ::1 /web/Thinks130/Public/home//kexin.jpg
ERR: 无法加载模块:Public

[ 2016-11-30T11:10:03+08:00 ] ::1 /web/Thinks130/Public/home//kexin.jpg
ERR: 无法加载模块:Public

[ 2016-11-30T11:20:39+08:00 ] ::1 /web/Thinks130/Public/home//kexin.jpg
ERR: 无法加载模块:Public

[ 2016-11-30T11:20:48+08:00 ] ::1 /web/Thinks130/Public/home//kexin.jpg
ERR: 无法加载模块:Public

[ 2016-11-30T11:20:52+08:00 ] ::1 /web/Thinks130/Public/home//kexin.jpg
ERR: 无法加载模块:Public

[ 2016-11-30T11:20:55+08:00 ] ::1 /web/Thinks130/Public/home//kexin.jpg
ERR: 无法加载模块:Public

[ 2016-11-30T11:21:29+08:00 ] ::1 /web/Thinks130/Public/home//kexin.jpg
ERR: 无法加载模块:Public

[ 2016-11-30T11:21:35+08:00 ] ::1 /web/Thinks130/Public/home//kexin.jpg
ERR: 无法加载模块:Public

[ 2016-11-30T11:21:39+08:00 ] ::1 /web/Thinks130/Public/home//kexin.jpg
ERR: 无法加载模块:Public

[ 2016-11-30T11:21:40+08:00 ] ::1 /web/Thinks130/Public/home//kexin.jpg
ERR: 无法加载模块:Public

[ 2016-11-30T11:21:54+08:00 ] ::1 /web/Thinks130/Public/home//kexin.jpg
ERR: 无法加载模块:Public

[ 2016-11-30T11:23:19+08:00 ] ::1 /web/Thinks130/Public/home//kexin.jpg
ERR: 无法加载模块:Public

[ 2016-11-30T11:23:27+08:00 ] ::1 /web/Thinks130/Public/home//kexin.jpg
ERR: 无法加载模块:Public

[ 2016-11-30T11:23:28+08:00 ] ::1 /web/Thinks130/Public/home//kexin.jpg
ERR: 无法加载模块:Public

[ 2016-11-30T11:23:30+08:00 ] ::1 /web/Thinks130/Public/home//kexin.jpg
ERR: 无法加载模块:Public

[ 2016-11-30T11:24:19+08:00 ] ::1 /web/Thinks130/Public/home//kexin.jpg
ERR: 无法加载模块:Public

[ 2016-11-30T11:24:21+08:00 ] ::1 /web/Thinks130/Public/home//kexin.jpg
ERR: 无法加载模块:Public

[ 2016-11-30T11:24:27+08:00 ] ::1 /web/Thinks130/Public/home//kexin.jpg
ERR: 无法加载模块:Public

[ 2016-11-30T11:40:05+08:00 ] ::1 /web/Thinks130/Public/home//kexin.jpg
ERR: 无法加载模块:Public

[ 2016-11-30T11:40:14+08:00 ] ::1 /web/Thinks130/Public/home//kexin.jpg
ERR: 无法加载模块:Public

[ 2016-11-30T11:49:00+08:00 ] ::1 /web/Thinks130/Public/home//kexin.jpg
ERR: 无法加载模块:Public

[ 2016-11-30T11:49:31+08:00 ] ::1 /web/Thinks130/Public/home//kexin.jpg
ERR: 无法加载模块:Public

[ 2016-11-30T11:50:53+08:00 ] ::1 /web/Thinks130/Public/home//kexin.jpg
ERR: 无法加载模块:Public

[ 2016-11-30T11:50:56+08:00 ] ::1 /web/Thinks130/Public/home//kexin.jpg
ERR: 无法加载模块:Public

[ 2016-11-30T11:53:33+08:00 ] ::1 /web/Thinks130/Public/home//kexin.jpg
ERR: 无法加载模块:Public

[ 2016-11-30T11:53:56+08:00 ] ::1 /web/Thinks130/Public/home//kexin.jpg
ERR: 无法加载模块:Public

[ 2016-11-30T11:53:59+08:00 ] ::1 /web/Thinks130/Public/home//kexin.jpg
ERR: 无法加载模块:Public

[ 2016-11-30T11:54:30+08:00 ] ::1 /web/Thinks130/Public/home//kexin.jpg
ERR: 无法加载模块:Public

[ 2016-11-30T11:54:33+08:00 ] ::1 /web/Thinks130/Public/home//kexin.jpg
ERR: 无法加载模块:Public

[ 2016-11-30T11:59:01+08:00 ] ::1 /web/Thinks130/Public/home//kexin.jpg
ERR: 无法加载模块:Public

[ 2016-11-30T11:59:11+08:00 ] ::1 /web/Thinks130/Public/home//kexin.jpg
ERR: 无法加载模块:Public

[ 2016-11-30T11:59:30+08:00 ] ::1 /web/Thinks130/Public/home//kexin.jpg
ERR: 无法加载模块:Public

[ 2016-11-30T12:00:24+08:00 ] ::1 /web/Thinks130/Public/home//kexin.jpg
ERR: 无法加载模块:Public

[ 2016-11-30T12:00:30+08:00 ] ::1 /web/Thinks130/Public/home//kexin.jpg
ERR: 无法加载模块:Public

[ 2016-11-30T12:01:58+08:00 ] ::1 /web/Thinks130/Public/home//kexin.jpg
ERR: 无法加载模块:Public

[ 2016-11-30T13:01:41+08:00 ] ::1 /web/Thinks130/Public/home//kexin.jpg
ERR: 无法加载模块:Public

[ 2016-11-30T13:03:04+08:00 ] ::1 /web/Thinks130/Public/home//kexin.jpg
ERR: 无法加载模块:Public

[ 2016-11-30T13:03:11+08:00 ] ::1 /web/Thinks130/Public/home//kexin.jpg
ERR: 无法加载模块:Public

[ 2016-11-30T13:03:15+08:00 ] ::1 /web/Thinks130/Public/home//kexin.jpg
ERR: 无法加载模块:Public

[ 2016-11-30T13:03:58+08:00 ] ::1 /web/Thinks130/Public/home//kexin.jpg
ERR: 无法加载模块:Public

[ 2016-11-30T13:03:59+08:00 ] ::1 /web/Thinks130/Public/home//kexin.jpg
ERR: 无法加载模块:Public

[ 2016-11-30T13:05:07+08:00 ] ::1 /web/Thinks130/Public/home//kexin.jpg
ERR: 无法加载模块:Public

[ 2016-11-30T13:05:27+08:00 ] ::1 /web/Thinks130/Public/home//kexin.jpg
ERR: 无法加载模块:Public

[ 2016-11-30T13:05:36+08:00 ] ::1 /web/Thinks130/Public/home//kexin.jpg
ERR: 无法加载模块:Public

[ 2016-11-30T13:05:45+08:00 ] ::1 /web/Thinks130/Public/home//kexin.jpg
ERR: 无法加载模块:Public

[ 2016-11-30T13:05:59+08:00 ] ::1 /web/Thinks130/Public/home//kexin.jpg
ERR: 无法加载模块:Public

[ 2016-11-30T13:06:04+08:00 ] ::1 /web/Thinks130/Public/home//kexin.jpg
ERR: 无法加载模块:Public

[ 2016-11-30T13:06:06+08:00 ] ::1 /web/Thinks130/Public/home//kexin.jpg
ERR: 无法加载模块:Public

[ 2016-11-30T13:06:09+08:00 ] ::1 /web/Thinks130/Public/home//kexin.jpg
ERR: 无法加载模块:Public

[ 2016-11-30T13:06:54+08:00 ] ::1 /web/Thinks130/Public/home//kexin.jpg
ERR: 无法加载模块:Public

[ 2016-11-30T13:07:00+08:00 ] ::1 /web/Thinks130/Public/home//kexin.jpg
ERR: 无法加载模块:Public

[ 2016-11-30T13:07:03+08:00 ] ::1 /web/Thinks130/Public/home//kexin.jpg
ERR: 无法加载模块:Public

[ 2016-11-30T13:31:06+08:00 ] ::1 /web/Thinks130/Public/home//kexin.jpg
ERR: 无法加载模块:Public

[ 2016-11-30T13:31:40+08:00 ] ::1 /web/Thinks130/Public/home//kexin.jpg
ERR: 无法加载模块:Public

[ 2016-11-30T13:31:45+08:00 ] ::1 /web/Thinks130/Public/home//kexin.jpg
ERR: 无法加载模块:Public

[ 2016-11-30T13:32:03+08:00 ] ::1 /web/Thinks130/Public/home//kexin.jpg
ERR: 无法加载模块:Public

[ 2016-11-30T13:32:24+08:00 ] ::1 /web/Thinks130/Public/home//kexin.jpg
ERR: 无法加载模块:Public

[ 2016-11-30T13:32:37+08:00 ] ::1 /web/Thinks130/Public/home//kexin.jpg
ERR: 无法加载模块:Public

[ 2016-11-30T13:32:54+08:00 ] ::1 /web/Thinks130/Public/home//kexin.jpg
ERR: 无法加载模块:Public

[ 2016-11-30T13:34:35+08:00 ] ::1 /web/Thinks130/Public/home//kexin.jpg
ERR: 无法加载模块:Public

[ 2016-11-30T13:34:46+08:00 ] ::1 /web/Thinks130/Public/home//kexin.jpg
ERR: 无法加载模块:Public

[ 2016-11-30T13:34:55+08:00 ] ::1 /web/Thinks130/Public/home//kexin.jpg
ERR: 无法加载模块:Public

[ 2016-11-30T13:35:00+08:00 ] ::1 /web/Thinks130/Public/home//kexin.jpg
ERR: 无法加载模块:Public

[ 2016-11-30T13:35:15+08:00 ] ::1 /web/Thinks130/Public/home//kexin.jpg
ERR: 无法加载模块:Public

[ 2016-11-30T13:37:23+08:00 ] ::1 /web/Thinks130/Public/home//kexin.jpg
ERR: 无法加载模块:Public

[ 2016-11-30T13:37:26+08:00 ] ::1 /web/Thinks130/Public/home//kexin.jpg
ERR: 无法加载模块:Public

[ 2016-11-30T13:37:27+08:00 ] ::1 /web/Thinks130/Public/home//kexin.jpg
ERR: 无法加载模块:Public

[ 2016-11-30T13:37:28+08:00 ] ::1 /web/Thinks130/Public/home//kexin.jpg
ERR: 无法加载模块:Public

[ 2016-11-30T13:38:07+08:00 ] ::1 /web/Thinks130/Public/home//kexin.jpg
ERR: 无法加载模块:Public

[ 2016-11-30T13:38:22+08:00 ] ::1 /web/Thinks130/Public/home//kexin.jpg
ERR: 无法加载模块:Public

[ 2016-11-30T13:38:24+08:00 ] ::1 /web/Thinks130/Public/home//kexin.jpg
ERR: 无法加载模块:Public

[ 2016-11-30T13:38:38+08:00 ] ::1 /web/Thinks130/Public/home//kexin.jpg
ERR: 无法加载模块:Public

[ 2016-11-30T13:39:12+08:00 ] ::1 /web/Thinks130/Public/home//kexin.jpg
ERR: 无法加载模块:Public

[ 2016-11-30T13:39:21+08:00 ] ::1 /web/Thinks130/Public/home//kexin.jpg
ERR: 无法加载模块:Public

[ 2016-11-30T13:39:55+08:00 ] ::1 /web/Thinks130/Public/home//kexin.jpg
ERR: 无法加载模块:Public

[ 2016-11-30T13:40:01+08:00 ] ::1 /web/Thinks130/Public/home//kexin.jpg
ERR: 无法加载模块:Public

[ 2016-11-30T13:40:07+08:00 ] ::1 /web/Thinks130/Public/home//kexin.jpg
ERR: 无法加载模块:Public

[ 2016-11-30T13:40:39+08:00 ] ::1 /web/Thinks130/Public/home//kexin.jpg
ERR: 无法加载模块:Public

[ 2016-11-30T13:40:52+08:00 ] ::1 /web/Thinks130/Public/home//kexin.jpg
ERR: 无法加载模块:Public

[ 2016-11-30T13:40:53+08:00 ] ::1 /web/Thinks130/Public/home//kexin.jpg
ERR: 无法加载模块:Public

[ 2016-11-30T13:43:13+08:00 ] ::1 /web/Thinks130/Public/home//kexin.jpg
ERR: 无法加载模块:Public

[ 2016-11-30T13:43:24+08:00 ] ::1 /web/Thinks130/Public/home//kexin.jpg
ERR: 无法加载模块:Public

[ 2016-11-30T13:44:02+08:00 ] ::1 /web/Thinks130/Public/home//kexin.jpg
ERR: 无法加载模块:Public

[ 2016-11-30T13:44:05+08:00 ] ::1 /web/Thinks130/Public/home//kexin.jpg
ERR: 无法加载模块:Public

[ 2016-11-30T13:44:44+08:00 ] ::1 /web/Thinks130/Public/home//kexin.jpg
ERR: 无法加载模块:Public

[ 2016-11-30T13:44:51+08:00 ] ::1 /web/Thinks130/Public/home//kexin.jpg
ERR: 无法加载模块:Public

[ 2016-11-30T13:45:48+08:00 ] ::1 /web/Thinks130/Public/home//kexin.jpg
ERR: 无法加载模块:Public

[ 2016-11-30T13:45:51+08:00 ] ::1 /web/Thinks130/Public/home//kexin.jpg
ERR: 无法加载模块:Public

[ 2016-11-30T13:46:09+08:00 ] ::1 /web/Thinks130/Public/home//kexin.jpg
ERR: 无法加载模块:Public

[ 2016-11-30T13:47:47+08:00 ] ::1 /web/Thinks130/Public/home//kexin.jpg
ERR: 无法加载模块:Public

[ 2016-11-30T13:47:56+08:00 ] ::1 /web/Thinks130/Public/home//kexin.jpg
ERR: 无法加载模块:Public

[ 2016-11-30T13:48:12+08:00 ] ::1 /web/Thinks130/Public/home//kexin.jpg
ERR: 无法加载模块:Public

[ 2016-11-30T13:48:24+08:00 ] ::1 /web/Thinks130/Public/home//kexin.jpg
ERR: 无法加载模块:Public

[ 2016-11-30T13:51:18+08:00 ] ::1 /web/Thinks130/Public/home//kexin.jpg
ERR: 无法加载模块:Public

[ 2016-11-30T13:51:38+08:00 ] ::1 /web/Thinks130/Public/home//kexin.jpg
ERR: 无法加载模块:Public

[ 2016-11-30T13:55:11+08:00 ] ::1 /web/Thinks130/Public/home//kexin.jpg
ERR: 无法加载模块:Public

[ 2016-11-30T13:55:23+08:00 ] ::1 /web/Thinks130/Public/home//kexin.jpg
ERR: 无法加载模块:Public

[ 2016-11-30T13:55:28+08:00 ] ::1 /web/Thinks130/Public/home//kexin.jpg
ERR: 无法加载模块:Public

[ 2016-11-30T13:55:37+08:00 ] ::1 /web/Thinks130/Public/home//kexin.jpg
ERR: 无法加载模块:Public

[ 2016-11-30T13:56:32+08:00 ] ::1 /web/Thinks130/Public/home//kexin.jpg
ERR: 无法加载模块:Public

[ 2016-11-30T13:56:39+08:00 ] ::1 /web/Thinks130/Public/home//kexin.jpg
ERR: 无法加载模块:Public

[ 2016-11-30T13:57:55+08:00 ] ::1 /web/Thinks130/Public/home//kexin.jpg
ERR: 无法加载模块:Public

[ 2016-11-30T13:58:06+08:00 ] ::1 /web/Thinks130/Public/home//kexin.jpg
ERR: 无法加载模块:Public

[ 2016-11-30T13:58:12+08:00 ] ::1 /web/Thinks130/Public/home//kexin.jpg
ERR: 无法加载模块:Public

[ 2016-11-30T13:58:17+08:00 ] ::1 /web/Thinks130/Public/home//kexin.jpg
ERR: 无法加载模块:Public

[ 2016-11-30T14:00:57+08:00 ] ::1 /web/Thinks130/Public/home//kexin.jpg
ERR: 无法加载模块:Public

[ 2016-11-30T14:01:02+08:00 ] ::1 /web/Thinks130/Public/home//kexin.jpg
ERR: 无法加载模块:Public

[ 2016-11-30T14:06:14+08:00 ] ::1 /web/Thinks130/Public/home//kexin.jpg
ERR: 无法加载模块:Public

[ 2016-11-30T14:06:43+08:00 ] ::1 /web/Thinks130/Public/home//kexin.jpg
ERR: 无法加载模块:Public

[ 2016-11-30T14:06:54+08:00 ] ::1 /web/Thinks130/Public/home//kexin.jpg
ERR: 无法加载模块:Public

[ 2016-11-30T14:06:59+08:00 ] ::1 /web/Thinks130/Public/home//kexin.jpg
ERR: 无法加载模块:Public

[ 2016-11-30T14:07:02+08:00 ] ::1 /web/Thinks130/Public/home//kexin.jpg
ERR: 无法加载模块:Public

[ 2016-11-30T14:08:13+08:00 ] ::1 /web/Thinks130/Public/home//kexin.jpg
ERR: 无法加载模块:Public

[ 2016-11-30T14:10:06+08:00 ] ::1 /web/Thinks130/Public/home//kexin.jpg
ERR: 无法加载模块:Public

[ 2016-11-30T14:10:17+08:00 ] ::1 /web/Thinks130/Public/home//kexin.jpg
ERR: 无法加载模块:Public

[ 2016-11-30T14:13:20+08:00 ] ::1 /web/Thinks130/Public/home//kexin.jpg
ERR: 无法加载模块:Public

[ 2016-11-30T14:13:28+08:00 ] ::1 /web/Thinks130/Public/home//kexin.jpg
ERR: 无法加载模块:Public

[ 2016-11-30T14:13:35+08:00 ] ::1 /web/Thinks130/Public/home//kexin.jpg
ERR: 无法加载模块:Public

[ 2016-11-30T14:13:37+08:00 ] ::1 /web/Thinks130/Public/home//kexin.jpg
ERR: 无法加载模块:Public

[ 2016-11-30T14:13:42+08:00 ] ::1 /web/Thinks130/Public/home//kexin.jpg
ERR: 无法加载模块:Public

[ 2016-11-30T14:14:03+08:00 ] ::1 /web/Thinks130/Public/home//kexin.jpg
ERR: 无法加载模块:Public

[ 2016-11-30T14:17:50+08:00 ] ::1 /web/Thinks130/Public/home//kexin.jpg
ERR: 无法加载模块:Public

[ 2016-11-30T14:18:10+08:00 ] ::1 /web/Thinks130/Public/home//kexin.jpg
ERR: 无法加载模块:Public

[ 2016-11-30T14:18:18+08:00 ] ::1 /web/Thinks130/Public/home//kexin.jpg
ERR: 无法加载模块:Public

[ 2016-11-30T14:19:29+08:00 ] ::1 /web/Thinks130/Public/home//kexin.jpg
ERR: 无法加载模块:Public

[ 2016-11-30T14:19:33+08:00 ] ::1 /web/Thinks130/Public/home//kexin.jpg
ERR: 无法加载模块:Public

[ 2016-11-30T14:19:39+08:00 ] ::1 /web/Thinks130/Public/home//kexin.jpg
ERR: 无法加载模块:Public

[ 2016-11-30T14:19:50+08:00 ] ::1 /web/Thinks130/Public/home//kexin.jpg
ERR: 无法加载模块:Public

[ 2016-11-30T14:19:56+08:00 ] ::1 /web/Thinks130/Public/home//kexin.jpg
ERR: 无法加载模块:Public

[ 2016-11-30T14:19:59+08:00 ] ::1 /web/Thinks130/Public/home//kexin.jpg
ERR: 无法加载模块:Public

[ 2016-11-30T14:21:00+08:00 ] ::1 /web/Thinks130/Public/home//kexin.jpg
ERR: 无法加载模块:Public

[ 2016-11-30T14:21:01+08:00 ] ::1 /web/Thinks130/Public/home//kexin.jpg
ERR: 无法加载模块:Public

[ 2016-11-30T14:21:07+08:00 ] ::1 /web/Thinks130/Public/home//kexin.jpg
ERR: 无法加载模块:Public

[ 2016-11-30T14:21:40+08:00 ] ::1 /web/Thinks130/Public/home//kexin.jpg
ERR: 无法加载模块:Public

[ 2016-11-30T14:21:45+08:00 ] ::1 /web/Thinks130/Public/home//kexin.jpg
ERR: 无法加载模块:Public

[ 2016-11-30T14:25:36+08:00 ] ::1 /web/Thinks130/Public/home//kexin.jpg
ERR: 无法加载模块:Public

[ 2016-11-30T14:26:27+08:00 ] ::1 /web/Thinks130/Public/home//kexin.jpg
ERR: 无法加载模块:Public

[ 2016-11-30T14:27:41+08:00 ] ::1 /web/Thinks130/Public/home//kexin.jpg
ERR: 无法加载模块:Public

[ 2016-11-30T14:28:06+08:00 ] ::1 /web/Thinks130/Public/home//kexin.jpg
ERR: 无法加载模块:Public

[ 2016-11-30T14:29:59+08:00 ] ::1 /web/Thinks130/Public/home//kexin.jpg
ERR: 无法加载模块:Public

[ 2016-11-30T14:30:07+08:00 ] ::1 /web/Thinks130/Public/home//kexin.jpg
ERR: 无法加载模块:Public

[ 2016-11-30T14:30:17+08:00 ] ::1 /web/Thinks130/Public/home//kexin.jpg
ERR: 无法加载模块:Public

[ 2016-11-30T14:30:23+08:00 ] ::1 /web/Thinks130/Public/home//kexin.jpg
ERR: 无法加载模块:Public

[ 2016-11-30T14:30:46+08:00 ] ::1 /web/Thinks130/Public/home//kexin.jpg
ERR: 无法加载模块:Public

[ 2016-11-30T14:30:54+08:00 ] ::1 /web/Thinks130/Public/home//kexin.jpg
ERR: 无法加载模块:Public

[ 2016-11-30T14:30:56+08:00 ] ::1 /web/Thinks130/Public/home//kexin.jpg
ERR: 无法加载模块:Public

[ 2016-11-30T14:30:57+08:00 ] ::1 /web/Thinks130/Public/home//kexin.jpg
ERR: 无法加载模块:Public

[ 2016-11-30T14:31:15+08:00 ] ::1 /web/Thinks130/Public/home//kexin.jpg
ERR: 无法加载模块:Public

[ 2016-11-30T14:32:00+08:00 ] ::1 /web/Thinks130/Public/home//kexin.jpg
ERR: 无法加载模块:Public

[ 2016-11-30T14:32:33+08:00 ] ::1 /web/Thinks130/Public/home//kexin.jpg
ERR: 无法加载模块:Public

[ 2016-11-30T14:33:09+08:00 ] ::1 /web/Thinks130/Public/home//kexin.jpg
ERR: 无法加载模块:Public

[ 2016-11-30T14:33:16+08:00 ] ::1 /web/Thinks130/Public/home//kexin.jpg
ERR: 无法加载模块:Public

[ 2016-11-30T14:33:41+08:00 ] ::1 /web/Thinks130/Public/home//kexin.jpg
ERR: 无法加载模块:Public

[ 2016-11-30T14:49:43+08:00 ] ::1 /web/Thinks130/Public/home//kexin.jpg
ERR: 无法加载模块:Public

[ 2016-11-30T14:49:45+08:00 ] ::1 /web/Thinks130/Public/home//kexin.jpg
ERR: 无法加载模块:Public

[ 2016-11-30T15:54:32+08:00 ] ::1 /web/Thinks130/Public/home//kexin.jpg
ERR: 无法加载模块:Public

[ 2016-11-30T15:54:45+08:00 ] ::1 /web/Thinks130/Public/home//kexin.jpg
ERR: 无法加载模块:Public

[ 2016-11-30T15:54:48+08:00 ] ::1 /web/Thinks130/Public/home//kexin.jpg
ERR: 无法加载模块:Public

[ 2016-11-30T15:54:49+08:00 ] ::1 /web/Thinks130/Public/home//kexin.jpg
ERR: 无法加载模块:Public

[ 2016-11-30T15:54:50+08:00 ] ::1 /web/Thinks130/Public/home//kexin.jpg
ERR: 无法加载模块:Public

[ 2016-11-30T15:54:50+08:00 ] ::1 /web/Thinks130/Public/home//kexin.jpg
ERR: 无法加载模块:Public

[ 2016-11-30T15:54:51+08:00 ] ::1 /web/Thinks130/Public/home//kexin.jpg
ERR: 无法加载模块:Public

[ 2016-11-30T15:55:07+08:00 ] ::1 /web/Thinks130/Public/home//kexin.jpg
ERR: 无法加载模块:Public

[ 2016-11-30T15:55:24+08:00 ] ::1 /web/Thinks130/Public/home//kexin.jpg
ERR: 无法加载模块:Public

[ 2016-11-30T15:56:12+08:00 ] ::1 /web/Thinks130/Public/home//kexin.jpg
ERR: 无法加载模块:Public

[ 2016-11-30T16:35:23+08:00 ] ::1 /thinkroot/Public/home/images/zoomloader.gif
ERR: 无法加载模块:Public

[ 2016-11-30T16:35:32+08:00 ] ::1 /thinkroot/Public/home//kexin.jpg
ERR: 无法加载模块:Public

[ 2016-11-30T16:35:37+08:00 ] ::1 /thinkroot/Public/home//kexin.jpg
ERR: 无法加载模块:Public

[ 2016-11-30T16:40:47+08:00 ] ::1 /thinkroot/Public/home/images/zoomloader.gif
ERR: 无法加载模块:Public

[ 2016-11-30T16:41:05+08:00 ] ::1 /thinkroot/Public/home/images/zoomloader.gif
ERR: 无法加载模块:Public

[ 2016-11-30T16:43:07+08:00 ] ::1 /thinkroot/Public/home/images/zoomloader.gif
ERR: 无法加载模块:Public

[ 2016-11-30T16:47:39+08:00 ] ::1 /thinkroot/Public/home/images/zoomloader.gif
ERR: 无法加载模块:Public

[ 2016-11-30T16:48:47+08:00 ] ::1 /thinkroot/Public/home/images/zoomloader.gif
ERR: 无法加载模块:Public

