[ 2016-11-20T15:54:15+08:00 ] ::1 /web/Thinks130/index.php/Type/showlist/id/2.html
ERR: 无法加载模块:Type

[ 2016-11-20T15:54:48+08:00 ] ::1 /web/Thinks130/index.php/Type/showlist/id/2.html
ERR: 无法加载模块:Type

[ 2016-11-20T15:55:48+08:00 ] ::1 /web/Thinks130/index.php/Type/showlist/id/2.html
ERR: 无法加载模块:Type

[ 2016-11-20T15:55:51+08:00 ] ::1 /web/Thinks130/index.php/Type/showlist/id/2.html
ERR: 无法加载模块:Type

[ 2016-11-20T15:55:55+08:00 ] ::1 /web/Thinks130/index.php/Type/showlist
ERR: 无法加载模块:Type

[ 2016-11-20T20:38:17+08:00 ] ::1 /web/Thinks130/index.php/Attribute/upd/id/I('post.attr_id').html
ERR: 无法加载模块:Attribute

[ 2016-11-20T20:39:22+08:00 ] ::1 /web/Thinks130/index.php/Attribute/upd/id/I('post.attr_id').html
ERR: 无法加载模块:Attribute

[ 2016-11-20T20:45:45+08:00 ] ::1 /web/Thinks130/index.php/Attribute/showlist/id/I('post.attr_id').html
ERR: 无法加载模块:Attribute

[ 2016-11-20T20:45:57+08:00 ] ::1 /web/Thinks130/index.php/Attribute/upd/id/I('post.attr_id').html
ERR: 无法加载模块:Attribute

[ 2016-11-20T20:46:57+08:00 ] ::1 /web/Thinks130/index.php/Attribute/showlist/id/I('post.attr_id').html
ERR: 无法加载模块:Attribute

[ 2016-11-20T20:49:14+08:00 ] ::1 /web/Thinks130/index.php/Attribute/showlist/id/2.html
ERR: 无法加载模块:Attribute

