[ 2016-11-19T08:10:02+08:00 ] ::1 /web/Thinks130/index.php/Admin/login/verify.html&random=207
ERR: 无法加载控制器:Login

[ 2016-11-19T08:10:04+08:00 ] ::1 /web/Thinks130/index.php/Admin/login/verify.html&random=809
ERR: 无法加载控制器:Login

[ 2016-11-19T08:29:32+08:00 ] ::1 /web/Thinks130/index.php/Admin/login/verify.html&random=841
ERR: 无法加载控制器:Login

[ 2016-11-19T08:32:29+08:00 ] ::1 /web/Thinks130/index.php/Admin/login/login.html
ERR: 无法加载控制器:Login

[ 2016-11-19T08:32:45+08:00 ] ::1 /web/Thinks130/index.php/Admin/login/login.html
ERR: 无法加载控制器:Login

[ 2016-11-19T08:35:28+08:00 ] ::1 /web/Thinks130/index.php/Admin/login/login.html
ERR: 无法加载控制器:Login

[ 2016-11-19T08:35:48+08:00 ] ::1 /web/Thinks130/index.php/Admin/login/login.html
ERR: 无法加载控制器:Login

[ 2016-11-19T08:38:33+08:00 ] ::1 /web/Thinks130/index.php/Admin/login/login.html
ERR: 无法加载控制器:Login

[ 2016-11-19T08:39:00+08:00 ] ::1 /web/Thinks130/index.php/Admin/category/index.html
ERR: 无法加载控制器:Category

[ 2016-11-19T08:39:03+08:00 ] ::1 /web/Thinks130/index.php/Admin/post/index.html
ERR: 无法加载控制器:Post

[ 2016-11-19T08:39:26+08:00 ] ::1 /web/Thinks130/index.php/Admin/links/index.html
ERR: 无法加载控制器:Links

[ 2016-11-19T08:39:29+08:00 ] ::1 /web/Thinks130/index.php/Admin/page/index.html
ERR: 无法加载控制器:Page

[ 2016-11-19T08:39:32+08:00 ] ::1 /web/Thinks130/index.php/Admin/category/index.html
ERR: 无法加载控制器:Category

[ 2016-11-19T08:39:45+08:00 ] ::1 /web/Thinks130/index.php/Admin/member/index.html
ERR: 无法加载控制器:Member

[ 2016-11-19T08:40:10+08:00 ] ::1 /web/Thinks130/index.php/Admin/login/logout.html
ERR: 无法加载控制器:Login

[ 2016-11-19T08:40:30+08:00 ] ::1 /web/Thinks130/index.php/Admin/login
ERR: 无法加载控制器:Login

[ 2016-11-19T08:52:22+08:00 ] ::1 /web/Thinks130/index.php/Admin/links/index.html
ERR: 无法加载控制器:Links

[ 2016-11-19T08:52:24+08:00 ] ::1 /web/Thinks130/index.php/Admin/category/index.html
ERR: 无法加载控制器:Category

[ 2016-11-19T08:54:12+08:00 ] ::1 /web/Thinks130/index.php/Admin/member/index.html
ERR: 无法加载控制器:Member

[ 2016-11-19T09:03:24+08:00 ] ::1 /web/Thinks130/index.php/Admin/links/index.html
ERR: 无法加载控制器:Links

[ 2016-11-19T09:05:14+08:00 ] ::1 /web/Thinks130/index.php/Admin/member/index.html
ERR: 无法加载控制器:Member

[ 2016-11-19T10:09:06+08:00 ] ::1 /web/Thinks130/index.php/Admin/User/login
ERR: SQLSTATE[42S02]: Base table or view not found: 1146 La table 'thinks130.tsuser' n'existe pas

[ 2016-11-19T10:10:26+08:00 ] ::1 /web/Thinks130/index.php/Admin/User/login
ERR: SQLSTATE[42S02]: Base table or view not found: 1146 La table 'thinks130.tsts_user' n'existe pas

[ 2016-11-19T10:12:40+08:00 ] ::1 /web/Thinks130/index.php/Admin/User/login
ERR: SQLSTATE[42S02]: Base table or view not found: 1146 La table 'thinks130.tsuser' n'existe pas

[ 2016-11-19T10:14:02+08:00 ] ::1 /web/Thinks130/index.php/Admin/User/login
ERR: SQLSTATE[42S02]: Base table or view not found: 1146 La table 'thinks130.tsuser' n'existe pas

[ 2016-11-19T10:17:24+08:00 ] ::1 /web/Thinks130/index.php/Admin/User/login
ERR: SQLSTATE[42S02]: Base table or view not found: 1146 La table 'thinks130.tsuser' n'existe pas

[ 2016-11-19T13:06:08+08:00 ] ::1 /web/Thinks130/index.php/Admin/member/index.html
ERR: 无法加载控制器:Member

[ 2016-11-19T13:06:10+08:00 ] ::1 /web/Thinks130/index.php/Admin/category/index.html
ERR: 无法加载控制器:Category

[ 2016-11-19T13:18:27+08:00 ] ::1 /web/Thinks130/index.php/Admin/category/index.html
ERR: 无法加载控制器:Category

[ 2016-11-19T13:18:30+08:00 ] ::1 /web/Thinks130/index.php/Admin/post/index.html
ERR: 无法加载控制器:Post

[ 2016-11-19T13:18:32+08:00 ] ::1 /web/Thinks130/index.php/Admin/page/index.html
ERR: 无法加载控制器:Page

[ 2016-11-19T13:18:33+08:00 ] ::1 /web/Thinks130/index.php/Admin/member/index.html
ERR: 无法加载控制器:Member

