[ 2016-12-03T12:54:28+08:00 ] 127.0.0.1 /index.php/Admin/Attribute/getinfo.html?type_id=5
INFO: [ app_begin ] --START--
INFO: Run Behavior\ReadHtmlCacheBehavior [ RunTime:0.000000s ]
INFO: [ app_begin ] --END-- [ RunTime:0.002000s ]
SQL: SHOW COLUMNS FROM `ts_manager` [ RunTime:0.0040s ]
SQL: SELECT r.role_ac FROM ts_manager m INNER JOIN ts_role r on m.role_id=r.role_id  WHERE `manager_name` = 'admin' LIMIT 1   [ RunTime:0.0010s ]
SQL: SHOW COLUMNS FROM `ts_attr` [ RunTime:0.0050s ]
SQL: SELECT * FROM `ts_attr` WHERE `type_id` = 5  [ RunTime:0.0010s ]
INFO: [ app_end ] --START--
INFO: Run Behavior\ShowPageTraceBehavior [ RunTime:0.001000s ]
INFO: [ app_end ] --END-- [ RunTime:0.001000s ]

[ 2016-12-03T13:47:44+08:00 ] 127.0.0.1 /admin/Good/showgood/
ERR: 非法操作:showgood

[ 2016-12-03T13:47:55+08:00 ] 127.0.0.1 /index.php/Admin/Attribute/getinfo.html?type_id=5
INFO: [ app_begin ] --START--
INFO: Run Behavior\ReadHtmlCacheBehavior [ RunTime:0.001000s ]
INFO: [ app_begin ] --END-- [ RunTime:0.002000s ]
SQL: SHOW COLUMNS FROM `ts_manager` [ RunTime:0.0050s ]
SQL: SELECT r.role_ac FROM ts_manager m INNER JOIN ts_role r on m.role_id=r.role_id  WHERE `manager_name` = 'admin' LIMIT 1   [ RunTime:0.0010s ]
SQL: SHOW COLUMNS FROM `ts_attr` [ RunTime:0.0040s ]
SQL: SELECT * FROM `ts_attr` WHERE `type_id` = 5  [ RunTime:0.0010s ]
INFO: [ app_end ] --START--
INFO: Run Behavior\ShowPageTraceBehavior [ RunTime:0.001000s ]
INFO: [ app_end ] --END-- [ RunTime:0.001000s ]

[ 2016-12-03T14:20:25+08:00 ] 127.0.0.1 /index.php/Admin/Attribute/getinfo.html?type_id=5
INFO: [ app_begin ] --START--
INFO: Run Behavior\ReadHtmlCacheBehavior [ RunTime:0.001000s ]
INFO: [ app_begin ] --END-- [ RunTime:0.002001s ]
SQL: SHOW COLUMNS FROM `ts_manager` [ RunTime:0.0030s ]
SQL: SELECT r.role_ac FROM ts_manager m INNER JOIN ts_role r on m.role_id=r.role_id  WHERE `manager_name` = 'admin' LIMIT 1   [ RunTime:0.0010s ]
SQL: SHOW COLUMNS FROM `ts_attr` [ RunTime:0.0040s ]
SQL: SELECT * FROM `ts_attr` WHERE `type_id` = 5  [ RunTime:0.0000s ]
INFO: [ app_end ] --START--
INFO: Run Behavior\ShowPageTraceBehavior [ RunTime:0.001000s ]
INFO: [ app_end ] --END-- [ RunTime:0.001000s ]

[ 2016-12-03T14:20:52+08:00 ] 127.0.0.1 /index.php/Admin/Attribute/getinfo.html?type_id=5
INFO: [ app_begin ] --START--
INFO: Run Behavior\ReadHtmlCacheBehavior [ RunTime:0.001000s ]
INFO: [ app_begin ] --END-- [ RunTime:0.001000s ]
SQL: SHOW COLUMNS FROM `ts_manager` [ RunTime:0.0050s ]
SQL: SELECT r.role_ac FROM ts_manager m INNER JOIN ts_role r on m.role_id=r.role_id  WHERE `manager_name` = 'admin' LIMIT 1   [ RunTime:0.0010s ]
SQL: SHOW COLUMNS FROM `ts_attr` [ RunTime:0.0070s ]
SQL: SELECT * FROM `ts_attr` WHERE `type_id` = 5  [ RunTime:0.0010s ]
INFO: [ app_end ] --START--
INFO: Run Behavior\ShowPageTraceBehavior [ RunTime:0.001000s ]
INFO: [ app_end ] --END-- [ RunTime:0.001000s ]

[ 2016-12-03T14:20:56+08:00 ] 127.0.0.1 /index.php/Admin/Attribute/getinfo.html?type_id=5
INFO: [ app_begin ] --START--
INFO: Run Behavior\ReadHtmlCacheBehavior [ RunTime:0.000000s ]
INFO: [ app_begin ] --END-- [ RunTime:0.002000s ]
SQL: SHOW COLUMNS FROM `ts_manager` [ RunTime:0.0060s ]
SQL: SELECT r.role_ac FROM ts_manager m INNER JOIN ts_role r on m.role_id=r.role_id  WHERE `manager_name` = 'admin' LIMIT 1   [ RunTime:0.0010s ]
SQL: SHOW COLUMNS FROM `ts_attr` [ RunTime:0.0070s ]
SQL: SELECT * FROM `ts_attr` WHERE `type_id` = 5  [ RunTime:0.0010s ]
INFO: [ app_end ] --START--
INFO: Run Behavior\ShowPageTraceBehavior [ RunTime:0.001000s ]
INFO: [ app_end ] --END-- [ RunTime:0.001000s ]

[ 2016-12-03T14:21:05+08:00 ] 127.0.0.1 /index.php/Admin/Attribute/getinfo.html?type_id=5
INFO: [ app_begin ] --START--
INFO: Run Behavior\ReadHtmlCacheBehavior [ RunTime:0.000000s ]
INFO: [ app_begin ] --END-- [ RunTime:0.002000s ]
SQL: SHOW COLUMNS FROM `ts_manager` [ RunTime:0.0030s ]
SQL: SELECT r.role_ac FROM ts_manager m INNER JOIN ts_role r on m.role_id=r.role_id  WHERE `manager_name` = 'admin' LIMIT 1   [ RunTime:0.0010s ]
SQL: SHOW COLUMNS FROM `ts_attr` [ RunTime:0.0070s ]
SQL: SELECT * FROM `ts_attr` WHERE `type_id` = 5  [ RunTime:0.0010s ]
INFO: [ app_end ] --START--
INFO: Run Behavior\ShowPageTraceBehavior [ RunTime:0.001000s ]
INFO: [ app_end ] --END-- [ RunTime:0.001000s ]

[ 2016-12-03T14:24:12+08:00 ] 127.0.0.1 /index.php/Admin/Attribute/getinfo.html?type_id=5
INFO: [ app_begin ] --START--
INFO: Run Behavior\ReadHtmlCacheBehavior [ RunTime:0.001000s ]
INFO: [ app_begin ] --END-- [ RunTime:0.001000s ]
SQL: SHOW COLUMNS FROM `ts_manager` [ RunTime:0.0040s ]
SQL: SELECT r.role_ac FROM ts_manager m INNER JOIN ts_role r on m.role_id=r.role_id  WHERE `manager_name` = 'admin' LIMIT 1   [ RunTime:0.0000s ]
SQL: SHOW COLUMNS FROM `ts_attr` [ RunTime:0.0040s ]
SQL: SELECT * FROM `ts_attr` WHERE `type_id` = 5  [ RunTime:0.0010s ]
INFO: [ app_end ] --START--
INFO: Run Behavior\ShowPageTraceBehavior [ RunTime:0.001000s ]
INFO: [ app_end ] --END-- [ RunTime:0.001000s ]

[ 2016-12-03T14:24:54+08:00 ] 127.0.0.1 /index.php/Admin/Attribute/getinfo.html?type_id=5
INFO: [ app_begin ] --START--
INFO: Run Behavior\ReadHtmlCacheBehavior [ RunTime:0.001000s ]
INFO: [ app_begin ] --END-- [ RunTime:0.002000s ]
SQL: SHOW COLUMNS FROM `ts_manager` [ RunTime:0.0040s ]
SQL: SELECT r.role_ac FROM ts_manager m INNER JOIN ts_role r on m.role_id=r.role_id  WHERE `manager_name` = 'admin' LIMIT 1   [ RunTime:0.0010s ]
SQL: SHOW COLUMNS FROM `ts_attr` [ RunTime:0.0030s ]
SQL: SELECT * FROM `ts_attr` WHERE `type_id` = 5  [ RunTime:0.0010s ]
INFO: [ app_end ] --START--
INFO: Run Behavior\ShowPageTraceBehavior [ RunTime:0.001000s ]
INFO: [ app_end ] --END-- [ RunTime:0.001000s ]

[ 2016-12-03T14:29:00+08:00 ] 127.0.0.1 /index.php/Admin/Attribute/getinfo.html?type_id=5
INFO: [ app_begin ] --START--
INFO: Run Behavior\ReadHtmlCacheBehavior [ RunTime:0.001000s ]
INFO: [ app_begin ] --END-- [ RunTime:0.002000s ]
SQL: SHOW COLUMNS FROM `ts_manager` [ RunTime:0.0050s ]
SQL: SELECT r.role_ac FROM ts_manager m INNER JOIN ts_role r on m.role_id=r.role_id  WHERE `manager_name` = 'admin' LIMIT 1   [ RunTime:0.0020s ]
SQL: SHOW COLUMNS FROM `ts_attr` [ RunTime:0.0050s ]
SQL: SELECT * FROM `ts_attr` WHERE `type_id` = 5  [ RunTime:0.0000s ]
INFO: [ app_end ] --START--
INFO: Run Behavior\ShowPageTraceBehavior [ RunTime:0.001000s ]
INFO: [ app_end ] --END-- [ RunTime:0.001000s ]

[ 2016-12-03T14:29:03+08:00 ] 127.0.0.1 /index.php/Admin/Attribute/getinfo.html?type_id=5
INFO: [ app_begin ] --START--
INFO: Run Behavior\ReadHtmlCacheBehavior [ RunTime:0.001001s ]
INFO: [ app_begin ] --END-- [ RunTime:0.002001s ]
SQL: SHOW COLUMNS FROM `ts_manager` [ RunTime:0.0040s ]
SQL: SELECT r.role_ac FROM ts_manager m INNER JOIN ts_role r on m.role_id=r.role_id  WHERE `manager_name` = 'admin' LIMIT 1   [ RunTime:0.0000s ]
SQL: SHOW COLUMNS FROM `ts_attr` [ RunTime:0.0040s ]
SQL: SELECT * FROM `ts_attr` WHERE `type_id` = 5  [ RunTime:0.0010s ]
INFO: [ app_end ] --START--
INFO: Run Behavior\ShowPageTraceBehavior [ RunTime:0.001000s ]
INFO: [ app_end ] --END-- [ RunTime:0.001000s ]

[ 2016-12-03T14:34:11+08:00 ] 127.0.0.1 /index.php/Admin/Attribute/getinfo.html?type_id=5
INFO: [ app_begin ] --START--
INFO: Run Behavior\ReadHtmlCacheBehavior [ RunTime:0.001000s ]
INFO: [ app_begin ] --END-- [ RunTime:0.002000s ]
SQL: SHOW COLUMNS FROM `ts_manager` [ RunTime:0.0040s ]
SQL: SELECT r.role_ac FROM ts_manager m INNER JOIN ts_role r on m.role_id=r.role_id  WHERE `manager_name` = 'admin' LIMIT 1   [ RunTime:0.0010s ]
SQL: SHOW COLUMNS FROM `ts_attr` [ RunTime:0.0060s ]
SQL: SELECT * FROM `ts_attr` WHERE `type_id` = 5  [ RunTime:0.0000s ]
INFO: [ app_end ] --START--
INFO: Run Behavior\ShowPageTraceBehavior [ RunTime:0.001001s ]
INFO: [ app_end ] --END-- [ RunTime:0.002001s ]

[ 2016-12-03T14:34:15+08:00 ] 127.0.0.1 /index.php/Admin/Attribute/getinfo.html?type_id=5
INFO: [ app_begin ] --START--
INFO: Run Behavior\ReadHtmlCacheBehavior [ RunTime:0.001000s ]
INFO: [ app_begin ] --END-- [ RunTime:0.001000s ]
SQL: SHOW COLUMNS FROM `ts_manager` [ RunTime:0.0040s ]
SQL: SELECT r.role_ac FROM ts_manager m INNER JOIN ts_role r on m.role_id=r.role_id  WHERE `manager_name` = 'admin' LIMIT 1   [ RunTime:0.0010s ]
SQL: SHOW COLUMNS FROM `ts_attr` [ RunTime:0.0040s ]
SQL: SELECT * FROM `ts_attr` WHERE `type_id` = 5  [ RunTime:0.0010s ]
INFO: [ app_end ] --START--
INFO: Run Behavior\ShowPageTraceBehavior [ RunTime:0.001000s ]
INFO: [ app_end ] --END-- [ RunTime:0.001000s ]

[ 2016-12-03T14:42:44+08:00 ] 127.0.0.1 /index.php/Admin/Attribute/getinfo.html?type_id=5
INFO: [ app_begin ] --START--
INFO: Run Behavior\ReadHtmlCacheBehavior [ RunTime:0.001000s ]
INFO: [ app_begin ] --END-- [ RunTime:0.002000s ]
SQL: SHOW COLUMNS FROM `ts_manager` [ RunTime:0.0050s ]
SQL: SELECT r.role_ac FROM ts_manager m INNER JOIN ts_role r on m.role_id=r.role_id  WHERE `manager_name` = 'admin' LIMIT 1   [ RunTime:0.0010s ]
SQL: SHOW COLUMNS FROM `ts_attr` [ RunTime:0.0060s ]
SQL: SELECT * FROM `ts_attr` WHERE `type_id` = 5  [ RunTime:0.0010s ]
INFO: [ app_end ] --START--
INFO: Run Behavior\ShowPageTraceBehavior [ RunTime:0.001001s ]
INFO: [ app_end ] --END-- [ RunTime:0.001001s ]

[ 2016-12-03T14:42:50+08:00 ] 127.0.0.1 /index.php/Admin/Attribute/getinfo.html?type_id=5
INFO: [ app_begin ] --START--
INFO: Run Behavior\ReadHtmlCacheBehavior [ RunTime:0.001000s ]
INFO: [ app_begin ] --END-- [ RunTime:0.001000s ]
SQL: SHOW COLUMNS FROM `ts_manager` [ RunTime:0.0040s ]
SQL: SELECT r.role_ac FROM ts_manager m INNER JOIN ts_role r on m.role_id=r.role_id  WHERE `manager_name` = 'admin' LIMIT 1   [ RunTime:0.0000s ]
SQL: SHOW COLUMNS FROM `ts_attr` [ RunTime:0.0040s ]
SQL: SELECT * FROM `ts_attr` WHERE `type_id` = 5  [ RunTime:0.0010s ]
INFO: [ app_end ] --START--
INFO: Run Behavior\ShowPageTraceBehavior [ RunTime:0.001000s ]
INFO: [ app_end ] --END-- [ RunTime:0.001000s ]

[ 2016-12-03T14:43:56+08:00 ] 127.0.0.1 /index.php/Admin/Attribute/getinfo.html?type_id=5
INFO: [ app_begin ] --START--
INFO: Run Behavior\ReadHtmlCacheBehavior [ RunTime:0.001000s ]
INFO: [ app_begin ] --END-- [ RunTime:0.002000s ]
SQL: SHOW COLUMNS FROM `ts_manager` [ RunTime:0.0030s ]
SQL: SELECT r.role_ac FROM ts_manager m INNER JOIN ts_role r on m.role_id=r.role_id  WHERE `manager_name` = 'admin' LIMIT 1   [ RunTime:0.0000s ]
SQL: SHOW COLUMNS FROM `ts_attr` [ RunTime:0.0050s ]
SQL: SELECT * FROM `ts_attr` WHERE `type_id` = 5  [ RunTime:0.0010s ]
INFO: [ app_end ] --START--
INFO: Run Behavior\ShowPageTraceBehavior [ RunTime:0.001000s ]
INFO: [ app_end ] --END-- [ RunTime:0.001000s ]

[ 2016-12-03T14:44:05+08:00 ] 127.0.0.1 /index.php/Admin/Attribute/getinfo.html?type_id=5
INFO: [ app_begin ] --START--
INFO: Run Behavior\ReadHtmlCacheBehavior [ RunTime:0.000000s ]
INFO: [ app_begin ] --END-- [ RunTime:0.001000s ]
SQL: SHOW COLUMNS FROM `ts_manager` [ RunTime:0.0030s ]
SQL: SELECT r.role_ac FROM ts_manager m INNER JOIN ts_role r on m.role_id=r.role_id  WHERE `manager_name` = 'admin' LIMIT 1   [ RunTime:0.0010s ]
SQL: SHOW COLUMNS FROM `ts_attr` [ RunTime:0.0040s ]
SQL: SELECT * FROM `ts_attr` WHERE `type_id` = 5  [ RunTime:0.0010s ]
INFO: [ app_end ] --START--
INFO: Run Behavior\ShowPageTraceBehavior [ RunTime:0.001000s ]
INFO: [ app_end ] --END-- [ RunTime:0.001000s ]

[ 2016-12-03T14:47:41+08:00 ] 127.0.0.1 /index.php/Admin/Attribute/getinfo.html?type_id=5
INFO: [ app_begin ] --START--
INFO: Run Behavior\ReadHtmlCacheBehavior [ RunTime:0.000000s ]
INFO: [ app_begin ] --END-- [ RunTime:0.002000s ]
SQL: SHOW COLUMNS FROM `ts_manager` [ RunTime:0.0040s ]
SQL: SELECT r.role_ac FROM ts_manager m INNER JOIN ts_role r on m.role_id=r.role_id  WHERE `manager_name` = 'admin' LIMIT 1   [ RunTime:0.0000s ]
SQL: SHOW COLUMNS FROM `ts_attr` [ RunTime:0.0030s ]
SQL: SELECT * FROM `ts_attr` WHERE `type_id` = 5  [ RunTime:0.0010s ]
INFO: [ app_end ] --START--
INFO: Run Behavior\ShowPageTraceBehavior [ RunTime:0.001000s ]
INFO: [ app_end ] --END-- [ RunTime:0.001000s ]

[ 2016-12-03T14:47:53+08:00 ] 127.0.0.1 /index.php/Admin/Attribute/getinfo.html?type_id=5
INFO: [ app_begin ] --START--
INFO: Run Behavior\ReadHtmlCacheBehavior [ RunTime:0.000000s ]
INFO: [ app_begin ] --END-- [ RunTime:0.001000s ]
SQL: SHOW COLUMNS FROM `ts_manager` [ RunTime:0.0050s ]
SQL: SELECT r.role_ac FROM ts_manager m INNER JOIN ts_role r on m.role_id=r.role_id  WHERE `manager_name` = 'admin' LIMIT 1   [ RunTime:0.0010s ]
SQL: SHOW COLUMNS FROM `ts_attr` [ RunTime:0.0040s ]
SQL: SELECT * FROM `ts_attr` WHERE `type_id` = 5  [ RunTime:0.0000s ]
INFO: [ app_end ] --START--
INFO: Run Behavior\ShowPageTraceBehavior [ RunTime:0.001000s ]
INFO: [ app_end ] --END-- [ RunTime:0.001000s ]

[ 2016-12-03T14:48:13+08:00 ] 127.0.0.1 /index.php/Admin/Attribute/getinfo.html?type_id=5
INFO: [ app_begin ] --START--
INFO: Run Behavior\ReadHtmlCacheBehavior [ RunTime:0.001000s ]
INFO: [ app_begin ] --END-- [ RunTime:0.003001s ]
SQL: SHOW COLUMNS FROM `ts_manager` [ RunTime:0.0040s ]
SQL: SELECT r.role_ac FROM ts_manager m INNER JOIN ts_role r on m.role_id=r.role_id  WHERE `manager_name` = 'admin' LIMIT 1   [ RunTime:0.0000s ]
SQL: SHOW COLUMNS FROM `ts_attr` [ RunTime:0.0030s ]
SQL: SELECT * FROM `ts_attr` WHERE `type_id` = 5  [ RunTime:0.0000s ]
INFO: [ app_end ] --START--
INFO: Run Behavior\ShowPageTraceBehavior [ RunTime:0.001000s ]
INFO: [ app_end ] --END-- [ RunTime:0.001000s ]

[ 2016-12-03T14:48:32+08:00 ] 127.0.0.1 /index.php/Admin/Order/showlist
ERR: 非法操作:showlist

[ 2016-12-03T14:48:35+08:00 ] 127.0.0.1 /index.php/Admin/Attribute/getinfo.html?type_id=5
INFO: [ app_begin ] --START--
INFO: Run Behavior\ReadHtmlCacheBehavior [ RunTime:0.000000s ]
INFO: [ app_begin ] --END-- [ RunTime:0.001000s ]
SQL: SHOW COLUMNS FROM `ts_manager` [ RunTime:0.0050s ]
SQL: SELECT r.role_ac FROM ts_manager m INNER JOIN ts_role r on m.role_id=r.role_id  WHERE `manager_name` = 'admin' LIMIT 1   [ RunTime:0.0000s ]
SQL: SHOW COLUMNS FROM `ts_attr` [ RunTime:0.0040s ]
SQL: SELECT * FROM `ts_attr` WHERE `type_id` = 5  [ RunTime:0.0000s ]
INFO: [ app_end ] --START--
INFO: Run Behavior\ShowPageTraceBehavior [ RunTime:0.001000s ]
INFO: [ app_end ] --END-- [ RunTime:0.001000s ]

[ 2016-12-03T14:49:05+08:00 ] 127.0.0.1 /index.php/Admin/Order/showlist
ERR: 非法操作:showlist

[ 2016-12-03T14:55:50+08:00 ] 127.0.0.1 /index.php/Admin/System/showlist
ERR: 1146:La table 'thinks130.ts_config' n'existe pas
 [ SQL语句 ] : SHOW COLUMNS FROM `ts_config`

[ 2016-12-03T14:57:00+08:00 ] 127.0.0.1 /index.php/Admin/System/showlist
ERR: 1146:La table 'thinks130.ts_config' n'existe pas
 [ SQL语句 ] : SHOW COLUMNS FROM `ts_config`

[ 2016-12-03T15:32:42+08:00 ] 127.0.0.1 /index.php/Admin/Attribute/getinfo.html?type_id=5
INFO: [ app_begin ] --START--
INFO: Run Behavior\ReadHtmlCacheBehavior [ RunTime:0.001000s ]
INFO: [ app_begin ] --END-- [ RunTime:0.002000s ]
SQL: SHOW COLUMNS FROM `ts_manager` [ RunTime:0.0050s ]
SQL: SELECT r.role_ac FROM ts_manager m INNER JOIN ts_role r on m.role_id=r.role_id  WHERE `manager_name` = 'admin' LIMIT 1   [ RunTime:0.0000s ]
SQL: SHOW COLUMNS FROM `ts_attr` [ RunTime:0.0050s ]
SQL: SELECT * FROM `ts_attr` WHERE `type_id` = 5  [ RunTime:0.0010s ]
INFO: [ app_end ] --START--
INFO: Run Behavior\ShowPageTraceBehavior [ RunTime:0.001000s ]
INFO: [ app_end ] --END-- [ RunTime:0.001000s ]

