[ 2016-12-21T14:36:48+08:00 ] ::1 /web/Thinks130/index.php/Admin/Attribute/getinfo.html?type_id=5
INFO: [ app_begin ] --START--
INFO: Run Behavior\ReadHtmlCacheBehavior [ RunTime:0.001000s ]
INFO: [ app_begin ] --END-- [ RunTime:0.002000s ]
SQL: SHOW COLUMNS FROM `ts_manager` [ RunTime:0.0040s ]
SQL: SELECT r.role_ac FROM ts_manager m INNER JOIN ts_role r on m.role_id=r.role_id  WHERE `manager_name` = 'admin' LIMIT 1   [ RunTime:0.0010s ]
SQL: SHOW COLUMNS FROM `ts_attr` [ RunTime:0.0350s ]
SQL: SELECT * FROM `ts_attr` WHERE `type_id` = 5  [ RunTime:0.0010s ]
INFO: [ app_end ] --START--
INFO: Run Behavior\ShowPageTraceBehavior [ RunTime:0.001000s ]
INFO: [ app_end ] --END-- [ RunTime:0.001000s ]

[ 2016-12-21T14:36:58+08:00 ] ::1 /web/Thinks130/index.php/Admin/Attribute/getinfo.html?type_id=5
INFO: [ app_begin ] --START--
INFO: Run Behavior\ReadHtmlCacheBehavior [ RunTime:0.001000s ]
INFO: [ app_begin ] --END-- [ RunTime:0.001000s ]
SQL: SHOW COLUMNS FROM `ts_manager` [ RunTime:0.0060s ]
SQL: SELECT r.role_ac FROM ts_manager m INNER JOIN ts_role r on m.role_id=r.role_id  WHERE `manager_name` = 'admin' LIMIT 1   [ RunTime:0.0010s ]
SQL: SHOW COLUMNS FROM `ts_attr` [ RunTime:0.0060s ]
SQL: SELECT * FROM `ts_attr` WHERE `type_id` = 5  [ RunTime:0.0010s ]
INFO: [ app_end ] --START--
INFO: Run Behavior\ShowPageTraceBehavior [ RunTime:0.001000s ]
INFO: [ app_end ] --END-- [ RunTime:0.001000s ]

[ 2016-12-21T14:37:13+08:00 ] ::1 /web/Thinks130/index.php/Admin/Attribute/getinfo.html?type_id=5
INFO: [ app_begin ] --START--
INFO: Run Behavior\ReadHtmlCacheBehavior [ RunTime:0.001000s ]
INFO: [ app_begin ] --END-- [ RunTime:0.002000s ]
SQL: SHOW COLUMNS FROM `ts_manager` [ RunTime:0.0100s ]
SQL: SELECT r.role_ac FROM ts_manager m INNER JOIN ts_role r on m.role_id=r.role_id  WHERE `manager_name` = 'admin' LIMIT 1   [ RunTime:0.0000s ]
SQL: SHOW COLUMNS FROM `ts_attr` [ RunTime:0.0040s ]
SQL: SELECT * FROM `ts_attr` WHERE `type_id` = 5  [ RunTime:0.0000s ]
INFO: [ app_end ] --START--
INFO: Run Behavior\ShowPageTraceBehavior [ RunTime:0.000000s ]
INFO: [ app_end ] --END-- [ RunTime:0.000000s ]

