[ 2016-11-26T10:56:32+08:00 ] ::1 /web/Thinks130/index.php/Admin/Attribute/getinfo.html?type_id=5
INFO: [ app_begin ] --START--
INFO: Run Behavior\ReadHtmlCacheBehavior [ RunTime:0.001000s ]
INFO: [ app_begin ] --END-- [ RunTime:0.002000s ]
SQL: SHOW COLUMNS FROM `ts_manager` [ RunTime:0.0050s ]
SQL: SELECT r.role_ac FROM ts_manager m INNER JOIN ts_role r on m.role_id=r.role_id  WHERE `manager_name` = 'admin' LIMIT 1   [ RunTime:0.0010s ]
SQL: SHOW COLUMNS FROM `ts_attr` [ RunTime:0.0030s ]
SQL: SELECT * FROM `ts_attr` WHERE `type_id` = 5  [ RunTime:0.0000s ]
INFO: [ app_end ] --START--
INFO: Run Behavior\ShowPageTraceBehavior [ RunTime:0.001000s ]
INFO: [ app_end ] --END-- [ RunTime:0.002000s ]

[ 2016-11-26T11:14:19+08:00 ] ::1 /web/Thinks130/index.php/Admin/Attribute/getinfo.html?type_id=8
INFO: [ app_begin ] --START--
INFO: Run Behavior\ReadHtmlCacheBehavior [ RunTime:0.001000s ]
INFO: [ app_begin ] --END-- [ RunTime:0.002001s ]
SQL: SHOW COLUMNS FROM `ts_manager` [ RunTime:0.0030s ]
SQL: SELECT r.role_ac FROM ts_manager m INNER JOIN ts_role r on m.role_id=r.role_id  WHERE `manager_name` = 'admin' LIMIT 1   [ RunTime:0.0010s ]
SQL: SHOW COLUMNS FROM `ts_attr` [ RunTime:0.0020s ]
SQL: SELECT * FROM `ts_attr` WHERE `type_id` = 8  [ RunTime:0.0000s ]
INFO: [ app_end ] --START--
INFO: Run Behavior\ShowPageTraceBehavior [ RunTime:0.001000s ]
INFO: [ app_end ] --END-- [ RunTime:0.001000s ]

[ 2016-11-26T11:16:01+08:00 ] ::1 /web/Thinks130/index.php/Admin/Attribute/getinfo.html?type_id=5
INFO: [ app_begin ] --START--
INFO: Run Behavior\ReadHtmlCacheBehavior [ RunTime:0.001001s ]
INFO: [ app_begin ] --END-- [ RunTime:0.001001s ]
SQL: SHOW COLUMNS FROM `ts_manager` [ RunTime:0.0030s ]
SQL: SELECT r.role_ac FROM ts_manager m INNER JOIN ts_role r on m.role_id=r.role_id  WHERE `manager_name` = 'admin' LIMIT 1   [ RunTime:0.0000s ]
SQL: SHOW COLUMNS FROM `ts_attr` [ RunTime:0.0030s ]
SQL: SELECT * FROM `ts_attr` WHERE `type_id` = 5  [ RunTime:0.0000s ]
INFO: [ app_end ] --START--
INFO: Run Behavior\ShowPageTraceBehavior [ RunTime:0.001000s ]
INFO: [ app_end ] --END-- [ RunTime:0.001000s ]

[ 2016-11-26T11:16:04+08:00 ] ::1 /web/Thinks130/index.php/Admin/Attribute/getinfo.html?type_id=6
INFO: [ app_begin ] --START--
INFO: Run Behavior\ReadHtmlCacheBehavior [ RunTime:0.000000s ]
INFO: [ app_begin ] --END-- [ RunTime:0.001000s ]
SQL: SHOW COLUMNS FROM `ts_manager` [ RunTime:0.0030s ]
SQL: SELECT r.role_ac FROM ts_manager m INNER JOIN ts_role r on m.role_id=r.role_id  WHERE `manager_name` = 'admin' LIMIT 1   [ RunTime:0.0000s ]
SQL: SHOW COLUMNS FROM `ts_attr` [ RunTime:0.0030s ]
SQL: SELECT * FROM `ts_attr` WHERE `type_id` = 6  [ RunTime:0.0000s ]
INFO: [ app_end ] --START--
INFO: Run Behavior\ShowPageTraceBehavior [ RunTime:0.001000s ]
INFO: [ app_end ] --END-- [ RunTime:0.001000s ]

[ 2016-11-26T11:16:06+08:00 ] ::1 /web/Thinks130/index.php/Admin/Attribute/getinfo.html?type_id=9
INFO: [ app_begin ] --START--
INFO: Run Behavior\ReadHtmlCacheBehavior [ RunTime:0.001000s ]
INFO: [ app_begin ] --END-- [ RunTime:0.001000s ]
SQL: SHOW COLUMNS FROM `ts_manager` [ RunTime:0.0030s ]
SQL: SELECT r.role_ac FROM ts_manager m INNER JOIN ts_role r on m.role_id=r.role_id  WHERE `manager_name` = 'admin' LIMIT 1   [ RunTime:0.0000s ]
SQL: SHOW COLUMNS FROM `ts_attr` [ RunTime:0.0020s ]
SQL: SELECT * FROM `ts_attr` WHERE `type_id` = 9  [ RunTime:0.0000s ]
INFO: [ app_end ] --START--
INFO: Run Behavior\ShowPageTraceBehavior [ RunTime:0.000000s ]
INFO: [ app_end ] --END-- [ RunTime:0.001000s ]

[ 2016-11-26T11:16:17+08:00 ] ::1 /web/Thinks130/index.php/Admin/Attribute/getinfo.html?type_id=8
INFO: [ app_begin ] --START--
INFO: Run Behavior\ReadHtmlCacheBehavior [ RunTime:0.000000s ]
INFO: [ app_begin ] --END-- [ RunTime:0.002000s ]
SQL: SHOW COLUMNS FROM `ts_manager` [ RunTime:0.0030s ]
SQL: SELECT r.role_ac FROM ts_manager m INNER JOIN ts_role r on m.role_id=r.role_id  WHERE `manager_name` = 'admin' LIMIT 1   [ RunTime:0.0010s ]
SQL: SHOW COLUMNS FROM `ts_attr` [ RunTime:0.0030s ]
SQL: SELECT * FROM `ts_attr` WHERE `type_id` = 8  [ RunTime:0.0000s ]
INFO: [ app_end ] --START--
INFO: Run Behavior\ShowPageTraceBehavior [ RunTime:0.001000s ]
INFO: [ app_end ] --END-- [ RunTime:0.001000s ]

[ 2016-11-26T11:18:56+08:00 ] ::1 /web/Thinks130/index.php/Admin/Attribute/getinfo.html?type_id=5
INFO: [ app_begin ] --START--
INFO: Run Behavior\ReadHtmlCacheBehavior [ RunTime:0.001000s ]
INFO: [ app_begin ] --END-- [ RunTime:0.002000s ]
SQL: SHOW COLUMNS FROM `ts_manager` [ RunTime:0.0040s ]
SQL: SELECT r.role_ac FROM ts_manager m INNER JOIN ts_role r on m.role_id=r.role_id  WHERE `manager_name` = 'admin' LIMIT 1   [ RunTime:0.0010s ]
SQL: SHOW COLUMNS FROM `ts_attr` [ RunTime:0.0060s ]
SQL: SELECT * FROM `ts_attr` WHERE `type_id` = 5  [ RunTime:0.0010s ]
INFO: [ app_end ] --START--
INFO: Run Behavior\ShowPageTraceBehavior [ RunTime:0.001000s ]
INFO: [ app_end ] --END-- [ RunTime:0.001000s ]

[ 2016-11-26T11:19:04+08:00 ] ::1 /web/Thinks130/index.php/Admin/Attribute/getinfo.html?type_id=5
INFO: [ app_begin ] --START--
INFO: Run Behavior\ReadHtmlCacheBehavior [ RunTime:0.001000s ]
INFO: [ app_begin ] --END-- [ RunTime:0.003000s ]
SQL: SHOW COLUMNS FROM `ts_manager` [ RunTime:0.0060s ]
SQL: SELECT r.role_ac FROM ts_manager m INNER JOIN ts_role r on m.role_id=r.role_id  WHERE `manager_name` = 'admin' LIMIT 1   [ RunTime:0.0000s ]
SQL: SHOW COLUMNS FROM `ts_attr` [ RunTime:0.0030s ]
SQL: SELECT * FROM `ts_attr` WHERE `type_id` = 5  [ RunTime:0.0010s ]
INFO: [ app_end ] --START--
INFO: Run Behavior\ShowPageTraceBehavior [ RunTime:0.000000s ]
INFO: [ app_end ] --END-- [ RunTime:0.002000s ]

[ 2016-11-26T11:20:21+08:00 ] ::1 /web/Thinks130/index.php/Admin/Attribute/getinfo.html?type_id=5
INFO: [ app_begin ] --START--
INFO: Run Behavior\ReadHtmlCacheBehavior [ RunTime:0.001000s ]
INFO: [ app_begin ] --END-- [ RunTime:0.002000s ]
SQL: SHOW COLUMNS FROM `ts_manager` [ RunTime:0.0040s ]
SQL: SELECT r.role_ac FROM ts_manager m INNER JOIN ts_role r on m.role_id=r.role_id  WHERE `manager_name` = 'admin' LIMIT 1   [ RunTime:0.0010s ]
SQL: SHOW COLUMNS FROM `ts_attr` [ RunTime:0.0030s ]
SQL: SELECT * FROM `ts_attr` WHERE `type_id` = 5  [ RunTime:0.0010s ]
INFO: [ app_end ] --START--
INFO: Run Behavior\ShowPageTraceBehavior [ RunTime:0.001000s ]
INFO: [ app_end ] --END-- [ RunTime:0.001000s ]

[ 2016-11-26T11:20:25+08:00 ] ::1 /web/Thinks130/index.php/Admin/Attribute/getinfo.html?type_id=8
INFO: [ app_begin ] --START--
INFO: Run Behavior\ReadHtmlCacheBehavior [ RunTime:0.001000s ]
INFO: [ app_begin ] --END-- [ RunTime:0.002000s ]
SQL: SHOW COLUMNS FROM `ts_manager` [ RunTime:0.0020s ]
SQL: SELECT r.role_ac FROM ts_manager m INNER JOIN ts_role r on m.role_id=r.role_id  WHERE `manager_name` = 'admin' LIMIT 1   [ RunTime:0.0010s ]
SQL: SHOW COLUMNS FROM `ts_attr` [ RunTime:0.0030s ]
SQL: SELECT * FROM `ts_attr` WHERE `type_id` = 8  [ RunTime:0.0000s ]
INFO: [ app_end ] --START--
INFO: Run Behavior\ShowPageTraceBehavior [ RunTime:0.001000s ]
INFO: [ app_end ] --END-- [ RunTime:0.001000s ]

[ 2016-11-26T11:20:28+08:00 ] ::1 /web/Thinks130/index.php/Admin/Attribute/getinfo.html?type_id=6
INFO: [ app_begin ] --START--
INFO: Run Behavior\ReadHtmlCacheBehavior [ RunTime:0.001000s ]
INFO: [ app_begin ] --END-- [ RunTime:0.002000s ]
SQL: SHOW COLUMNS FROM `ts_manager` [ RunTime:0.0020s ]
SQL: SELECT r.role_ac FROM ts_manager m INNER JOIN ts_role r on m.role_id=r.role_id  WHERE `manager_name` = 'admin' LIMIT 1   [ RunTime:0.0010s ]
SQL: SHOW COLUMNS FROM `ts_attr` [ RunTime:0.0030s ]
SQL: SELECT * FROM `ts_attr` WHERE `type_id` = 6  [ RunTime:0.0010s ]
INFO: [ app_end ] --START--
INFO: Run Behavior\ShowPageTraceBehavior [ RunTime:0.001000s ]
INFO: [ app_end ] --END-- [ RunTime:0.001000s ]

[ 2016-11-26T11:20:31+08:00 ] ::1 /web/Thinks130/index.php/Admin/Attribute/getinfo.html?type_id=8
INFO: [ app_begin ] --START--
INFO: Run Behavior\ReadHtmlCacheBehavior [ RunTime:0.001000s ]
INFO: [ app_begin ] --END-- [ RunTime:0.002000s ]
SQL: SHOW COLUMNS FROM `ts_manager` [ RunTime:0.0030s ]
SQL: SELECT r.role_ac FROM ts_manager m INNER JOIN ts_role r on m.role_id=r.role_id  WHERE `manager_name` = 'admin' LIMIT 1   [ RunTime:0.0000s ]
SQL: SHOW COLUMNS FROM `ts_attr` [ RunTime:0.0030s ]
SQL: SELECT * FROM `ts_attr` WHERE `type_id` = 8  [ RunTime:0.0010s ]
INFO: [ app_end ] --START--
INFO: Run Behavior\ShowPageTraceBehavior [ RunTime:0.001000s ]
INFO: [ app_end ] --END-- [ RunTime:0.001000s ]

[ 2016-11-26T11:21:47+08:00 ] ::1 /web/Thinks130/index.php/Admin/Attribute/getinfo.html?type_id=5
INFO: [ app_begin ] --START--
INFO: Run Behavior\ReadHtmlCacheBehavior [ RunTime:0.000000s ]
INFO: [ app_begin ] --END-- [ RunTime:0.002000s ]
SQL: SHOW COLUMNS FROM `ts_manager` [ RunTime:0.0040s ]
SQL: SELECT r.role_ac FROM ts_manager m INNER JOIN ts_role r on m.role_id=r.role_id  WHERE `manager_name` = 'admin' LIMIT 1   [ RunTime:0.0010s ]
SQL: SHOW COLUMNS FROM `ts_attr` [ RunTime:0.0040s ]
SQL: SELECT * FROM `ts_attr` WHERE `type_id` = 5  [ RunTime:0.0000s ]
INFO: [ app_end ] --START--
INFO: Run Behavior\ShowPageTraceBehavior [ RunTime:0.001000s ]
INFO: [ app_end ] --END-- [ RunTime:0.001000s ]

[ 2016-11-26T11:21:49+08:00 ] ::1 /web/Thinks130/index.php/Admin/Attribute/getinfo.html?type_id=8
INFO: [ app_begin ] --START--
INFO: Run Behavior\ReadHtmlCacheBehavior [ RunTime:0.001000s ]
INFO: [ app_begin ] --END-- [ RunTime:0.002000s ]
SQL: SHOW COLUMNS FROM `ts_manager` [ RunTime:0.0030s ]
SQL: SELECT r.role_ac FROM ts_manager m INNER JOIN ts_role r on m.role_id=r.role_id  WHERE `manager_name` = 'admin' LIMIT 1   [ RunTime:0.0010s ]
SQL: SHOW COLUMNS FROM `ts_attr` [ RunTime:0.0030s ]
SQL: SELECT * FROM `ts_attr` WHERE `type_id` = 8  [ RunTime:0.0000s ]
INFO: [ app_end ] --START--
INFO: Run Behavior\ShowPageTraceBehavior [ RunTime:0.001000s ]
INFO: [ app_end ] --END-- [ RunTime:0.001000s ]

[ 2016-11-26T11:31:10+08:00 ] ::1 /web/Thinks130/index.php/Admin/Attribute/getinfo.html?type_id=8
INFO: [ app_begin ] --START--
INFO: Run Behavior\ReadHtmlCacheBehavior [ RunTime:0.000000s ]
INFO: [ app_begin ] --END-- [ RunTime:0.002001s ]
SQL: SHOW COLUMNS FROM `ts_manager` [ RunTime:0.0030s ]
SQL: SELECT r.role_ac FROM ts_manager m INNER JOIN ts_role r on m.role_id=r.role_id  WHERE `manager_name` = 'admin' LIMIT 1   [ RunTime:0.0010s ]
SQL: SHOW COLUMNS FROM `ts_attr` [ RunTime:0.0040s ]
SQL: SELECT * FROM `ts_attr` WHERE `type_id` = 8  [ RunTime:0.0010s ]
INFO: [ app_end ] --START--
INFO: Run Behavior\ShowPageTraceBehavior [ RunTime:0.001000s ]
INFO: [ app_end ] --END-- [ RunTime:0.001000s ]

[ 2016-11-26T11:33:24+08:00 ] ::1 /web/Thinks130/index.php/Admin/Attribute/getinfo.html?type_id=8
INFO: [ app_begin ] --START--
INFO: Run Behavior\ReadHtmlCacheBehavior [ RunTime:0.001000s ]
INFO: [ app_begin ] --END-- [ RunTime:0.002000s ]
SQL: SHOW COLUMNS FROM `ts_manager` [ RunTime:0.0030s ]
SQL: SELECT r.role_ac FROM ts_manager m INNER JOIN ts_role r on m.role_id=r.role_id  WHERE `manager_name` = 'admin' LIMIT 1   [ RunTime:0.0010s ]
SQL: SHOW COLUMNS FROM `ts_attr` [ RunTime:0.0050s ]
SQL: SELECT * FROM `ts_attr` WHERE `type_id` = 8  [ RunTime:0.0010s ]
INFO: [ app_end ] --START--
INFO: Run Behavior\ShowPageTraceBehavior [ RunTime:0.001000s ]
INFO: [ app_end ] --END-- [ RunTime:0.001000s ]

[ 2016-11-26T11:34:08+08:00 ] ::1 /web/Thinks130/index.php/Admin/Attribute/getinfo.html?type_id=8
INFO: [ app_begin ] --START--
INFO: Run Behavior\ReadHtmlCacheBehavior [ RunTime:0.001000s ]
INFO: [ app_begin ] --END-- [ RunTime:0.002000s ]
SQL: SHOW COLUMNS FROM `ts_manager` [ RunTime:0.0030s ]
SQL: SELECT r.role_ac FROM ts_manager m INNER JOIN ts_role r on m.role_id=r.role_id  WHERE `manager_name` = 'admin' LIMIT 1   [ RunTime:0.0000s ]
SQL: SHOW COLUMNS FROM `ts_attr` [ RunTime:0.0050s ]
SQL: SELECT * FROM `ts_attr` WHERE `type_id` = 8  [ RunTime:0.0000s ]
INFO: [ app_end ] --START--
INFO: Run Behavior\ShowPageTraceBehavior [ RunTime:0.000000s ]
INFO: [ app_end ] --END-- [ RunTime:0.000000s ]

[ 2016-11-26T11:34:32+08:00 ] ::1 /web/Thinks130/index.php/Admin/Attribute/getinfo.html?type_id=8
INFO: [ app_begin ] --START--
INFO: Run Behavior\ReadHtmlCacheBehavior [ RunTime:0.001001s ]
INFO: [ app_begin ] --END-- [ RunTime:0.001001s ]
SQL: SHOW COLUMNS FROM `ts_manager` [ RunTime:0.0040s ]
SQL: SELECT r.role_ac FROM ts_manager m INNER JOIN ts_role r on m.role_id=r.role_id  WHERE `manager_name` = 'admin' LIMIT 1   [ RunTime:0.0000s ]
SQL: SHOW COLUMNS FROM `ts_attr` [ RunTime:0.0050s ]
SQL: SELECT * FROM `ts_attr` WHERE `type_id` = 8  [ RunTime:0.0000s ]
INFO: [ app_end ] --START--
INFO: Run Behavior\ShowPageTraceBehavior [ RunTime:0.001000s ]
INFO: [ app_end ] --END-- [ RunTime:0.001000s ]

[ 2016-11-26T11:34:53+08:00 ] ::1 /web/Thinks130/index.php/Admin/Attribute/getinfo.html?type_id=8
INFO: [ app_begin ] --START--
INFO: Run Behavior\ReadHtmlCacheBehavior [ RunTime:0.001000s ]
INFO: [ app_begin ] --END-- [ RunTime:0.001000s ]
SQL: SHOW COLUMNS FROM `ts_manager` [ RunTime:0.0030s ]
SQL: SELECT r.role_ac FROM ts_manager m INNER JOIN ts_role r on m.role_id=r.role_id  WHERE `manager_name` = 'admin' LIMIT 1   [ RunTime:0.0000s ]
SQL: SHOW COLUMNS FROM `ts_attr` [ RunTime:0.0030s ]
SQL: SELECT * FROM `ts_attr` WHERE `type_id` = 8  [ RunTime:0.0000s ]
INFO: [ app_end ] --START--
INFO: Run Behavior\ShowPageTraceBehavior [ RunTime:0.000000s ]
INFO: [ app_end ] --END-- [ RunTime:0.000000s ]

[ 2016-11-26T11:35:16+08:00 ] ::1 /web/Thinks130/index.php/Admin/Attribute/getinfo.html?type_id=8
INFO: [ app_begin ] --START--
INFO: Run Behavior\ReadHtmlCacheBehavior [ RunTime:0.001000s ]
INFO: [ app_begin ] --END-- [ RunTime:0.001000s ]
SQL: SHOW COLUMNS FROM `ts_manager` [ RunTime:0.0050s ]
SQL: SELECT r.role_ac FROM ts_manager m INNER JOIN ts_role r on m.role_id=r.role_id  WHERE `manager_name` = 'admin' LIMIT 1   [ RunTime:0.0000s ]
SQL: SHOW COLUMNS FROM `ts_attr` [ RunTime:0.0040s ]
SQL: SELECT * FROM `ts_attr` WHERE `type_id` = 8  [ RunTime:0.0010s ]
INFO: [ app_end ] --START--
INFO: Run Behavior\ShowPageTraceBehavior [ RunTime:0.001001s ]
INFO: [ app_end ] --END-- [ RunTime:0.002001s ]

[ 2016-11-26T11:45:35+08:00 ] ::1 /web/Thinks130/index.php/Admin/Attribute/getinfo.html?type_id=8
INFO: [ app_begin ] --START--
INFO: Run Behavior\ReadHtmlCacheBehavior [ RunTime:0.001000s ]
INFO: [ app_begin ] --END-- [ RunTime:0.002000s ]
SQL: SHOW COLUMNS FROM `ts_manager` [ RunTime:0.0030s ]
SQL: SELECT r.role_ac FROM ts_manager m INNER JOIN ts_role r on m.role_id=r.role_id  WHERE `manager_name` = 'admin' LIMIT 1   [ RunTime:0.0000s ]
SQL: SHOW COLUMNS FROM `ts_attr` [ RunTime:0.0030s ]
SQL: SELECT * FROM `ts_attr` WHERE `type_id` = 8  [ RunTime:0.0010s ]
INFO: [ app_end ] --START--
INFO: Run Behavior\ShowPageTraceBehavior [ RunTime:0.001000s ]
INFO: [ app_end ] --END-- [ RunTime:0.001000s ]

[ 2016-11-26T11:48:17+08:00 ] ::1 /web/Thinks130/index.php/Admin/Attribute/getinfo.html?type_id=5
INFO: [ app_begin ] --START--
INFO: Run Behavior\ReadHtmlCacheBehavior [ RunTime:0.000000s ]
INFO: [ app_begin ] --END-- [ RunTime:0.001000s ]
SQL: SHOW COLUMNS FROM `ts_manager` [ RunTime:0.0050s ]
SQL: SELECT r.role_ac FROM ts_manager m INNER JOIN ts_role r on m.role_id=r.role_id  WHERE `manager_name` = 'admin' LIMIT 1   [ RunTime:0.0010s ]
SQL: SHOW COLUMNS FROM `ts_attr` [ RunTime:0.0040s ]
SQL: SELECT * FROM `ts_attr` WHERE `type_id` = 5  [ RunTime:0.0000s ]
INFO: [ app_end ] --START--
INFO: Run Behavior\ShowPageTraceBehavior [ RunTime:0.000000s ]
INFO: [ app_end ] --END-- [ RunTime:0.000000s ]

[ 2016-11-26T11:58:27+08:00 ] ::1 /web/Thinks130/index.php/Admin/Attribute/getinfo.html?type_id=8
INFO: [ app_begin ] --START--
INFO: Run Behavior\ReadHtmlCacheBehavior [ RunTime:0.000000s ]
INFO: [ app_begin ] --END-- [ RunTime:0.001000s ]
SQL: SHOW COLUMNS FROM `ts_manager` [ RunTime:0.0030s ]
SQL: SELECT r.role_ac FROM ts_manager m INNER JOIN ts_role r on m.role_id=r.role_id  WHERE `manager_name` = 'admin' LIMIT 1   [ RunTime:0.0000s ]
SQL: SHOW COLUMNS FROM `ts_attr` [ RunTime:0.0030s ]
SQL: SELECT * FROM `ts_attr` WHERE `type_id` = 8  [ RunTime:0.0010s ]
INFO: [ app_end ] --START--
INFO: Run Behavior\ShowPageTraceBehavior [ RunTime:0.001000s ]
INFO: [ app_end ] --END-- [ RunTime:0.001000s ]

[ 2016-11-26T12:00:47+08:00 ] ::1 /web/Thinks130/index.php/Admin/Attribute/getinfo.html?type_id=8
INFO: [ app_begin ] --START--
INFO: Run Behavior\ReadHtmlCacheBehavior [ RunTime:0.001000s ]
INFO: [ app_begin ] --END-- [ RunTime:0.002000s ]
SQL: SHOW COLUMNS FROM `ts_manager` [ RunTime:0.0040s ]
SQL: SELECT r.role_ac FROM ts_manager m INNER JOIN ts_role r on m.role_id=r.role_id  WHERE `manager_name` = 'admin' LIMIT 1   [ RunTime:0.0000s ]
SQL: SHOW COLUMNS FROM `ts_attr` [ RunTime:0.0040s ]
SQL: SELECT * FROM `ts_attr` WHERE `type_id` = 8  [ RunTime:0.0000s ]
INFO: [ app_end ] --START--
INFO: Run Behavior\ShowPageTraceBehavior [ RunTime:0.000000s ]
INFO: [ app_end ] --END-- [ RunTime:0.001000s ]

[ 2016-11-26T12:00:56+08:00 ] ::1 /web/Thinks130/index.php/Admin/Attribute/getinfo.html?type_id=8
INFO: [ app_begin ] --START--
INFO: Run Behavior\ReadHtmlCacheBehavior [ RunTime:0.002000s ]
INFO: [ app_begin ] --END-- [ RunTime:0.002000s ]
SQL: SHOW COLUMNS FROM `ts_manager` [ RunTime:0.0040s ]
SQL: SELECT r.role_ac FROM ts_manager m INNER JOIN ts_role r on m.role_id=r.role_id  WHERE `manager_name` = 'admin' LIMIT 1   [ RunTime:0.0010s ]
SQL: SHOW COLUMNS FROM `ts_attr` [ RunTime:0.0040s ]
SQL: SELECT * FROM `ts_attr` WHERE `type_id` = 8  [ RunTime:0.0000s ]
INFO: [ app_end ] --START--
INFO: Run Behavior\ShowPageTraceBehavior [ RunTime:0.001000s ]
INFO: [ app_end ] --END-- [ RunTime:0.001000s ]

[ 2016-11-26T12:01:19+08:00 ] ::1 /web/Thinks130/index.php/Admin/Attribute/getinfo.html?type_id=5
INFO: [ app_begin ] --START--
INFO: Run Behavior\ReadHtmlCacheBehavior [ RunTime:0.002000s ]
INFO: [ app_begin ] --END-- [ RunTime:0.002000s ]
SQL: SHOW COLUMNS FROM `ts_manager` [ RunTime:0.0040s ]
SQL: SELECT r.role_ac FROM ts_manager m INNER JOIN ts_role r on m.role_id=r.role_id  WHERE `manager_name` = 'admin' LIMIT 1   [ RunTime:0.0000s ]
SQL: SHOW COLUMNS FROM `ts_attr` [ RunTime:0.0050s ]
SQL: SELECT * FROM `ts_attr` WHERE `type_id` = 5  [ RunTime:0.0000s ]
INFO: [ app_end ] --START--
INFO: Run Behavior\ShowPageTraceBehavior [ RunTime:0.001001s ]
INFO: [ app_end ] --END-- [ RunTime:0.001001s ]

[ 2016-11-26T12:04:31+08:00 ] ::1 /web/Thinks130/index.php/Admin/Attribute/getinfo.html?type_id=8
INFO: [ app_begin ] --START--
INFO: Run Behavior\ReadHtmlCacheBehavior [ RunTime:0.001000s ]
INFO: [ app_begin ] --END-- [ RunTime:0.001000s ]
SQL: SHOW COLUMNS FROM `ts_manager` [ RunTime:0.0030s ]
SQL: SELECT r.role_ac FROM ts_manager m INNER JOIN ts_role r on m.role_id=r.role_id  WHERE `manager_name` = 'admin' LIMIT 1   [ RunTime:0.0010s ]
SQL: SHOW COLUMNS FROM `ts_attr` [ RunTime:0.0010s ]
SQL: SELECT * FROM `ts_attr` WHERE `type_id` = 8  [ RunTime:0.0000s ]
INFO: [ app_end ] --START--
INFO: Run Behavior\ShowPageTraceBehavior [ RunTime:0.000000s ]
INFO: [ app_end ] --END-- [ RunTime:0.000000s ]

[ 2016-11-26T12:06:52+08:00 ] ::1 /web/Thinks130/index.php/Admin/Attribute/getinfo.html?type_id=5
INFO: [ app_begin ] --START--
INFO: Run Behavior\ReadHtmlCacheBehavior [ RunTime:0.001000s ]
INFO: [ app_begin ] --END-- [ RunTime:0.001000s ]
SQL: SHOW COLUMNS FROM `ts_manager` [ RunTime:0.0030s ]
SQL: SELECT r.role_ac FROM ts_manager m INNER JOIN ts_role r on m.role_id=r.role_id  WHERE `manager_name` = 'admin' LIMIT 1   [ RunTime:0.0000s ]
SQL: SHOW COLUMNS FROM `ts_attr` [ RunTime:0.0050s ]
SQL: SELECT * FROM `ts_attr` WHERE `type_id` = 5  [ RunTime:0.0010s ]
INFO: [ app_end ] --START--
INFO: Run Behavior\ShowPageTraceBehavior [ RunTime:0.001000s ]
INFO: [ app_end ] --END-- [ RunTime:0.001000s ]

[ 2016-11-26T12:10:17+08:00 ] ::1 /web/Thinks130/index.php/Admin/Attribute/getinfo.html?type_id=8
INFO: [ app_begin ] --START--
INFO: Run Behavior\ReadHtmlCacheBehavior [ RunTime:0.002000s ]
INFO: [ app_begin ] --END-- [ RunTime:0.002000s ]
SQL: SHOW COLUMNS FROM `ts_manager` [ RunTime:0.0000s ]
SQL: SELECT r.role_ac FROM ts_manager m INNER JOIN ts_role r on m.role_id=r.role_id  WHERE `manager_name` = 'admin' LIMIT 1   [ RunTime:0.0000s ]
SQL: SHOW COLUMNS FROM `ts_attr` [ RunTime:0.0000s ]
SQL: SELECT * FROM `ts_attr` WHERE `type_id` = 8  [ RunTime:0.0000s ]
INFO: [ app_end ] --START--
INFO: Run Behavior\ShowPageTraceBehavior [ RunTime:0.000000s ]
INFO: [ app_end ] --END-- [ RunTime:0.000000s ]

[ 2016-11-26T12:11:35+08:00 ] ::1 /web/Thinks130/index.php/Admin/Good/add
ERR: 1406:Data too long for column 'good_descript' at row 1
 [ SQL语句 ] : INSERT INTO `ts_good` (`good_name`,`good_price`,`good_cxj`,`brand_id`,`good_descript`,`type_id`,`good_sale`,`good_time`,`good_num`,`cat_id`,`good_thumb`) VALUES ('联想IdeaCentre','5500','5299','8','<h1><span style=\"font-size: 18px;\">惠普IdeaCentre C560 23英寸一体机电脑</span></h1><p><span style=\"font-size: 18px;\"></span><br/></p>','8','1','1482422400','20','60','./public/uploads/2016-11-26/58390b774b3aa.jpg')

[ 2016-11-26T12:12:13+08:00 ] ::1 /web/Thinks130/index.php/Admin/Good/add
ERR: 1406:Data too long for column 'good_descript' at row 1
 [ SQL语句 ] : INSERT INTO `ts_good` (`good_name`,`good_price`,`good_cxj`,`brand_id`,`good_descript`,`type_id`,`good_sale`,`good_time`,`good_num`,`cat_id`,`good_thumb`) VALUES ('联想Idea','5500','5299','8','<h1><span style=\"font-size: 18px;\">惠普IdeaCentre C560 23英寸一体机电脑</span></h1><p><span style=\"font-size: 18px;\"></span><br/></p>','8','1','1482422400','20','60','./public/uploads/2016-11-26/58390b9d725f7.jpg')

[ 2016-11-26T12:12:41+08:00 ] ::1 /web/Thinks130/index.php/Admin/Attribute/getinfo.html?type_id=5
INFO: [ app_begin ] --START--
INFO: Run Behavior\ReadHtmlCacheBehavior [ RunTime:0.002000s ]
INFO: [ app_begin ] --END-- [ RunTime:0.002000s ]
SQL: SHOW COLUMNS FROM `ts_manager` [ RunTime:0.0030s ]
SQL: SELECT r.role_ac FROM ts_manager m INNER JOIN ts_role r on m.role_id=r.role_id  WHERE `manager_name` = 'admin' LIMIT 1   [ RunTime:0.0000s ]
SQL: SHOW COLUMNS FROM `ts_attr` [ RunTime:0.0050s ]
SQL: SELECT * FROM `ts_attr` WHERE `type_id` = 5  [ RunTime:0.0000s ]
INFO: [ app_end ] --START--
INFO: Run Behavior\ShowPageTraceBehavior [ RunTime:0.001000s ]
INFO: [ app_end ] --END-- [ RunTime:0.001000s ]

[ 2016-11-26T12:14:35+08:00 ] ::1 /web/Thinks130/index.php/Admin/Attribute/getinfo.html?type_id=8
INFO: [ app_begin ] --START--
INFO: Run Behavior\ReadHtmlCacheBehavior [ RunTime:0.001001s ]
INFO: [ app_begin ] --END-- [ RunTime:0.002001s ]
SQL: SHOW COLUMNS FROM `ts_manager` [ RunTime:0.0030s ]
SQL: SELECT r.role_ac FROM ts_manager m INNER JOIN ts_role r on m.role_id=r.role_id  WHERE `manager_name` = 'admin' LIMIT 1   [ RunTime:0.0000s ]
SQL: SHOW COLUMNS FROM `ts_attr` [ RunTime:0.0030s ]
SQL: SELECT * FROM `ts_attr` WHERE `type_id` = 8  [ RunTime:0.0000s ]
INFO: [ app_end ] --START--
INFO: Run Behavior\ShowPageTraceBehavior [ RunTime:0.000000s ]
INFO: [ app_end ] --END-- [ RunTime:0.000000s ]

[ 2016-11-26T14:06:21+08:00 ] ::1 /web/Thinks130/index.php/Admin/Attribute/getinfo.html?type_id=5
INFO: [ app_begin ] --START--
INFO: Run Behavior\ReadHtmlCacheBehavior [ RunTime:0.001000s ]
INFO: [ app_begin ] --END-- [ RunTime:0.002000s ]
SQL: SHOW COLUMNS FROM `ts_manager` [ RunTime:0.0040s ]
SQL: SELECT r.role_ac FROM ts_manager m INNER JOIN ts_role r on m.role_id=r.role_id  WHERE `manager_name` = 'admin' LIMIT 1   [ RunTime:0.0000s ]
SQL: SHOW COLUMNS FROM `ts_attr` [ RunTime:0.0040s ]
SQL: SELECT * FROM `ts_attr` WHERE `type_id` = 5  [ RunTime:0.0000s ]
INFO: [ app_end ] --START--
INFO: Run Behavior\ShowPageTraceBehavior [ RunTime:0.001000s ]
INFO: [ app_end ] --END-- [ RunTime:0.001000s ]

[ 2016-11-26T14:25:44+08:00 ] ::1 /web/Thinks130/index.php/Admin/Attribute/getinfo.html?type_id=8
INFO: [ app_begin ] --START--
INFO: Run Behavior\ReadHtmlCacheBehavior [ RunTime:0.001000s ]
INFO: [ app_begin ] --END-- [ RunTime:0.002001s ]
SQL: SHOW COLUMNS FROM `ts_manager` [ RunTime:0.0030s ]
SQL: SELECT r.role_ac FROM ts_manager m INNER JOIN ts_role r on m.role_id=r.role_id  WHERE `manager_name` = 'admin' LIMIT 1   [ RunTime:0.0010s ]
SQL: SHOW COLUMNS FROM `ts_attr` [ RunTime:0.0030s ]
SQL: SELECT * FROM `ts_attr` WHERE `type_id` = 8  [ RunTime:0.0010s ]
INFO: [ app_end ] --START--
INFO: Run Behavior\ShowPageTraceBehavior [ RunTime:0.001000s ]
INFO: [ app_end ] --END-- [ RunTime:0.001000s ]

[ 2016-11-26T14:41:46+08:00 ] ::1 /web/Thinks130/index.php/Admin/Good/add
ERR: 1406:Data too long for column 'good_descript' at row 1
 [ SQL语句 ] : INSERT INTO `ts_good` (`good_name`,`good_price`,`good_cxj`,`brand_id`,`good_descript`,`type_id`,`good_sale`,`good_time`,`good_num`,`cat_id`,`good_thumb`) VALUES ('惠普','3200','2999','8','<p><a href style=\"color: rgb(51, 51, 51); text-decoration: none; font-family: Simsun; font-size: 12px; text-align: center; white-space: normal;\">惠普G4-1332TX 14英寸笔记本电脑&nbsp;</a></p>','8','1','1482422400','30','58','./public/uploads/2016-11-26/58392eaa831b8.jpg')

[ 2016-11-26T15:00:27+08:00 ] ::1 /web/Thinks130/index.php/Admin/Attribute/getinfo.html?type_id=5
INFO: [ app_begin ] --START--
INFO: Run Behavior\ReadHtmlCacheBehavior [ RunTime:0.000000s ]
INFO: [ app_begin ] --END-- [ RunTime:0.002000s ]
SQL: SHOW COLUMNS FROM `ts_manager` [ RunTime:0.0030s ]
SQL: SELECT r.role_ac FROM ts_manager m INNER JOIN ts_role r on m.role_id=r.role_id  WHERE `manager_name` = 'admin' LIMIT 1   [ RunTime:0.0000s ]
SQL: SHOW COLUMNS FROM `ts_attr` [ RunTime:0.0040s ]
SQL: SELECT * FROM `ts_attr` WHERE `type_id` = 5  [ RunTime:0.0000s ]
INFO: [ app_end ] --START--
INFO: Run Behavior\ShowPageTraceBehavior [ RunTime:0.000000s ]
INFO: [ app_end ] --END-- [ RunTime:0.000000s ]

[ 2016-11-26T15:15:26+08:00 ] ::1 /web/Thinks130/index.php/Admin/Attribute/getinfo.html?type_id=5
INFO: [ app_begin ] --START--
INFO: Run Behavior\ReadHtmlCacheBehavior [ RunTime:0.001000s ]
INFO: [ app_begin ] --END-- [ RunTime:0.002000s ]
SQL: SHOW COLUMNS FROM `ts_manager` [ RunTime:0.0030s ]
SQL: SELECT r.role_ac FROM ts_manager m INNER JOIN ts_role r on m.role_id=r.role_id  WHERE `manager_name` = 'admin' LIMIT 1   [ RunTime:0.0000s ]
SQL: SHOW COLUMNS FROM `ts_attr` [ RunTime:0.0050s ]
SQL: SELECT * FROM `ts_attr` WHERE `type_id` = 5  [ RunTime:0.0010s ]
INFO: [ app_end ] --START--
INFO: Run Behavior\ShowPageTraceBehavior [ RunTime:0.001000s ]
INFO: [ app_end ] --END-- [ RunTime:0.002000s ]

[ 2016-11-26T15:19:19+08:00 ] ::1 /web/Thinks130/index.php/Admin/Attribute/getinfo.html?type_id=5
INFO: [ app_begin ] --START--
INFO: Run Behavior\ReadHtmlCacheBehavior [ RunTime:0.000000s ]
INFO: [ app_begin ] --END-- [ RunTime:0.001000s ]
SQL: SHOW COLUMNS FROM `ts_manager` [ RunTime:0.0040s ]
SQL: SELECT r.role_ac FROM ts_manager m INNER JOIN ts_role r on m.role_id=r.role_id  WHERE `manager_name` = 'admin' LIMIT 1   [ RunTime:0.0010s ]
SQL: SHOW COLUMNS FROM `ts_attr` [ RunTime:0.0030s ]
SQL: SELECT * FROM `ts_attr` WHERE `type_id` = 5  [ RunTime:0.0000s ]
INFO: [ app_end ] --START--
INFO: Run Behavior\ShowPageTraceBehavior [ RunTime:0.001000s ]
INFO: [ app_end ] --END-- [ RunTime:0.001000s ]

[ 2016-11-26T16:05:18+08:00 ] ::1 /web/Thinks130/index.php/Admin/Attribute/getinfo.html?type_id=5
INFO: [ app_begin ] --START--
INFO: Run Behavior\ReadHtmlCacheBehavior [ RunTime:0.001000s ]
INFO: [ app_begin ] --END-- [ RunTime:0.001000s ]
SQL: SHOW COLUMNS FROM `ts_manager` [ RunTime:0.0030s ]
SQL: SELECT r.role_ac FROM ts_manager m INNER JOIN ts_role r on m.role_id=r.role_id  WHERE `manager_name` = 'admin' LIMIT 1   [ RunTime:0.0010s ]
SQL: SHOW COLUMNS FROM `ts_attr` [ RunTime:0.0040s ]
SQL: SELECT * FROM `ts_attr` WHERE `type_id` = 5  [ RunTime:0.0010s ]
INFO: [ app_end ] --START--
INFO: Run Behavior\ShowPageTraceBehavior [ RunTime:0.001000s ]
INFO: [ app_end ] --END-- [ RunTime:0.001000s ]

[ 2016-11-26T16:07:43+08:00 ] ::1 /web/Thinks130/index.php/Admin/Attribute/getinfo.html?type_id=5
INFO: [ app_begin ] --START--
INFO: Run Behavior\ReadHtmlCacheBehavior [ RunTime:0.001000s ]
INFO: [ app_begin ] --END-- [ RunTime:0.001000s ]
SQL: SHOW COLUMNS FROM `ts_manager` [ RunTime:0.0030s ]
SQL: SELECT r.role_ac FROM ts_manager m INNER JOIN ts_role r on m.role_id=r.role_id  WHERE `manager_name` = 'admin' LIMIT 1   [ RunTime:0.0010s ]
SQL: SHOW COLUMNS FROM `ts_attr` [ RunTime:0.0040s ]
SQL: SELECT * FROM `ts_attr` WHERE `type_id` = 5  [ RunTime:0.0000s ]
INFO: [ app_end ] --START--
INFO: Run Behavior\ShowPageTraceBehavior [ RunTime:0.002000s ]
INFO: [ app_end ] --END-- [ RunTime:0.002000s ]

[ 2016-11-26T16:13:35+08:00 ] ::1 /web/Thinks130/index.php/Admin/Attribute/getinfo.html?type_id=5
INFO: [ app_begin ] --START--
INFO: Run Behavior\ReadHtmlCacheBehavior [ RunTime:0.001000s ]
INFO: [ app_begin ] --END-- [ RunTime:0.002000s ]
SQL: SHOW COLUMNS FROM `ts_manager` [ RunTime:0.0030s ]
SQL: SELECT r.role_ac FROM ts_manager m INNER JOIN ts_role r on m.role_id=r.role_id  WHERE `manager_name` = 'admin' LIMIT 1   [ RunTime:0.0010s ]
SQL: SHOW COLUMNS FROM `ts_attr` [ RunTime:0.0050s ]
SQL: SELECT * FROM `ts_attr` WHERE `type_id` = 5  [ RunTime:0.0010s ]
INFO: [ app_end ] --START--
INFO: Run Behavior\ShowPageTraceBehavior [ RunTime:0.001000s ]
INFO: [ app_end ] --END-- [ RunTime:0.001000s ]

[ 2016-11-26T16:15:42+08:00 ] ::1 /web/Thinks130/index.php/Admin/Attribute/getinfo.html?type_id=8
INFO: [ app_begin ] --START--
INFO: Run Behavior\ReadHtmlCacheBehavior [ RunTime:0.001000s ]
INFO: [ app_begin ] --END-- [ RunTime:0.002000s ]
SQL: SHOW COLUMNS FROM `ts_manager` [ RunTime:0.0030s ]
SQL: SELECT r.role_ac FROM ts_manager m INNER JOIN ts_role r on m.role_id=r.role_id  WHERE `manager_name` = 'admin' LIMIT 1   [ RunTime:0.0000s ]
SQL: SHOW COLUMNS FROM `ts_attr` [ RunTime:0.0000s ]
SQL: SELECT * FROM `ts_attr` WHERE `type_id` = 8  [ RunTime:0.0000s ]
INFO: [ app_end ] --START--
INFO: Run Behavior\ShowPageTraceBehavior [ RunTime:0.000000s ]
INFO: [ app_end ] --END-- [ RunTime:0.000000s ]

[ 2016-11-26T17:41:59+08:00 ] ::1 /web/Thinks130/index.php/Admin/Attribute/getinfo.html?type_id=5
INFO: [ app_begin ] --START--
INFO: Run Behavior\ReadHtmlCacheBehavior [ RunTime:0.001000s ]
INFO: [ app_begin ] --END-- [ RunTime:0.002000s ]
SQL: SHOW COLUMNS FROM `ts_manager` [ RunTime:0.0050s ]
SQL: SELECT r.role_ac FROM ts_manager m INNER JOIN ts_role r on m.role_id=r.role_id  WHERE `manager_name` = 'admin' LIMIT 1   [ RunTime:0.0010s ]
SQL: SHOW COLUMNS FROM `ts_attr` [ RunTime:0.0050s ]
SQL: SELECT * FROM `ts_attr` WHERE `type_id` = 5  [ RunTime:0.0010s ]
INFO: [ app_end ] --START--
INFO: Run Behavior\ShowPageTraceBehavior [ RunTime:0.001000s ]
INFO: [ app_end ] --END-- [ RunTime:0.001000s ]

[ 2016-11-26T17:42:33+08:00 ] ::1 /web/Thinks130/index.php/Admin/Attribute/getinfo.html?type_id=5
INFO: [ app_begin ] --START--
INFO: Run Behavior\ReadHtmlCacheBehavior [ RunTime:0.001000s ]
INFO: [ app_begin ] --END-- [ RunTime:0.002000s ]
SQL: SHOW COLUMNS FROM `ts_manager` [ RunTime:0.0050s ]
SQL: SELECT r.role_ac FROM ts_manager m INNER JOIN ts_role r on m.role_id=r.role_id  WHERE `manager_name` = 'admin' LIMIT 1   [ RunTime:0.0000s ]
SQL: SHOW COLUMNS FROM `ts_attr` [ RunTime:0.0030s ]
SQL: SELECT * FROM `ts_attr` WHERE `type_id` = 5  [ RunTime:0.0000s ]
INFO: [ app_end ] --START--
INFO: Run Behavior\ShowPageTraceBehavior [ RunTime:0.000000s ]
INFO: [ app_end ] --END-- [ RunTime:0.001000s ]

